TimeQuest Timing Analyzer report for ULA_BCD
Thu Jun 12 07:28:33 2025
Quartus II 64-Bit Version 13.1.0 Build 162 10/23/2013 SJ Web Edition


---------------------
; Table of Contents ;
---------------------
  1. Legal Notice
  2. TimeQuest Timing Analyzer Summary
  3. Parallel Compilation
  4. Clocks
  5. Slow 1200mV 85C Model Fmax Summary
  6. Timing Closure Recommendations
  7. Slow 1200mV 85C Model Setup Summary
  8. Slow 1200mV 85C Model Hold Summary
  9. Slow 1200mV 85C Model Recovery Summary
 10. Slow 1200mV 85C Model Removal Summary
 11. Slow 1200mV 85C Model Minimum Pulse Width Summary
 12. Propagation Delay
 13. Minimum Propagation Delay
 14. Slow 1200mV 85C Model Metastability Report
 15. Slow 1200mV 0C Model Fmax Summary
 16. Slow 1200mV 0C Model Setup Summary
 17. Slow 1200mV 0C Model Hold Summary
 18. Slow 1200mV 0C Model Recovery Summary
 19. Slow 1200mV 0C Model Removal Summary
 20. Slow 1200mV 0C Model Minimum Pulse Width Summary
 21. Propagation Delay
 22. Minimum Propagation Delay
 23. Slow 1200mV 0C Model Metastability Report
 24. Fast 1200mV 0C Model Setup Summary
 25. Fast 1200mV 0C Model Hold Summary
 26. Fast 1200mV 0C Model Recovery Summary
 27. Fast 1200mV 0C Model Removal Summary
 28. Fast 1200mV 0C Model Minimum Pulse Width Summary
 29. Propagation Delay
 30. Minimum Propagation Delay
 31. Fast 1200mV 0C Model Metastability Report
 32. Multicorner Timing Analysis Summary
 33. Propagation Delay
 34. Minimum Propagation Delay
 35. Board Trace Model Assignments
 36. Input Transition Times
 37. Slow Corner Signal Integrity Metrics
 38. Fast Corner Signal Integrity Metrics
 39. Clock Transfers
 40. Report TCCS
 41. Report RSKM
 42. Unconstrained Paths
 43. TimeQuest Timing Analyzer Messages



----------------
; Legal Notice ;
----------------
Copyright (C) 1991-2013 Altera Corporation
Your use of Altera Corporation's design tools, logic functions 
and other software and tools, and its AMPP partner logic 
functions, and any output files from any of the foregoing 
(including device programming or simulation files), and any 
associated documentation or information are expressly subject 
to the terms and conditions of the Altera Program License 
Subscription Agreement, Altera MegaCore Function License 
Agreement, or other applicable license agreement, including, 
without limitation, that your use is for the sole purpose of 
programming logic devices manufactured by Altera and sold by 
Altera or its authorized distributors.  Please refer to the 
applicable agreement for further details.



+-------------------------------------------------------------------------+
; TimeQuest Timing Analyzer Summary                                       ;
+--------------------+----------------------------------------------------+
; Quartus II Version ; Version 13.1.0 Build 162 10/23/2013 SJ Web Edition ;
; Revision Name      ; ULA_BCD                                            ;
; Device Family      ; Cyclone III                                        ;
; Device Name        ; EP3C16F484C6                                       ;
; Timing Models      ; Final                                              ;
; Delay Model        ; Combined                                           ;
; Rise/Fall Delays   ; Enabled                                            ;
+--------------------+----------------------------------------------------+


Parallel compilation was disabled, but you have multiple processors available. Enable parallel compilation to reduce compilation time.
+-------------------------------------+
; Parallel Compilation                ;
+----------------------------+--------+
; Processors                 ; Number ;
+----------------------------+--------+
; Number detected on machine ; 12     ;
; Maximum allowed            ; 1      ;
+----------------------------+--------+


----------
; Clocks ;
----------
No clocks to report.


--------------------------------------
; Slow 1200mV 85C Model Fmax Summary ;
--------------------------------------
No paths to report.


----------------------------------
; Timing Closure Recommendations ;
----------------------------------
HTML report is unavailable in plain text report export.


---------------------------------------
; Slow 1200mV 85C Model Setup Summary ;
---------------------------------------
No paths to report.


--------------------------------------
; Slow 1200mV 85C Model Hold Summary ;
--------------------------------------
No paths to report.


------------------------------------------
; Slow 1200mV 85C Model Recovery Summary ;
------------------------------------------
No paths to report.


-----------------------------------------
; Slow 1200mV 85C Model Removal Summary ;
-----------------------------------------
No paths to report.


-----------------------------------------------------
; Slow 1200mV 85C Model Minimum Pulse Width Summary ;
-----------------------------------------------------
No paths to report.


+--------------------------------------------------------------+
; Propagation Delay                                            ;
+------------+-------------+--------+--------+--------+--------+
; Input Port ; Output Port ; RR     ; RF     ; FR     ; FF     ;
+------------+-------------+--------+--------+--------+--------+
; A[0]       ; S[0]        ; 8.903  ; 8.806  ; 9.378  ; 9.281  ;
; A[0]       ; S[1]        ; 8.803  ; 8.787  ; 9.184  ; 9.262  ;
; A[0]       ; S[2]        ; 8.950  ; 8.867  ; 9.425  ; 9.338  ;
; A[0]       ; S[3]        ; 8.907  ; 8.958  ; 9.382  ; 9.433  ;
; A[0]       ; S[4]        ; 8.938  ; 9.003  ; 9.381  ; 9.478  ;
; A[0]       ; S[5]        ; 8.956  ; 8.868  ; 9.431  ; 9.307  ;
; A[0]       ; S[6]        ; 8.972  ; 8.876  ; 9.447  ; 9.351  ;
; A[0]       ; flag_N      ; 6.858  ; 6.851  ; 7.286  ; 7.270  ;
; A[0]       ; flag_Z      ; 9.601  ; 9.535  ; 10.076 ; 9.916  ;
; A[1]       ; S[0]        ; 9.535  ; 9.438  ; 10.048 ; 9.951  ;
; A[1]       ; S[1]        ; 9.435  ; 9.419  ; 9.854  ; 9.932  ;
; A[1]       ; S[2]        ; 9.582  ; 9.499  ; 10.095 ; 10.008 ;
; A[1]       ; S[3]        ; 9.539  ; 9.590  ; 10.052 ; 10.103 ;
; A[1]       ; S[4]        ; 9.570  ; 9.635  ; 10.051 ; 10.148 ;
; A[1]       ; S[5]        ; 9.588  ; 9.500  ; 10.101 ; 9.977  ;
; A[1]       ; S[6]        ; 9.604  ; 9.508  ; 10.117 ; 10.021 ;
; A[1]       ; flag_N      ; 7.490  ; 7.483  ; 7.956  ; 7.940  ;
; A[1]       ; flag_Z      ; 10.233 ; 10.167 ; 10.746 ; 10.586 ;
; A[2]       ; S[0]        ; 9.218  ; 9.121  ; 9.628  ; 9.531  ;
; A[2]       ; S[1]        ; 9.092  ; 9.102  ; 9.493  ; 9.512  ;
; A[2]       ; S[2]        ; 9.265  ; 9.178  ; 9.675  ; 9.588  ;
; A[2]       ; S[3]        ; 9.222  ; 9.273  ; 9.632  ; 9.683  ;
; A[2]       ; S[4]        ; 9.227  ; 9.318  ; 9.631  ; 9.728  ;
; A[2]       ; S[5]        ; 9.271  ; 9.157  ; 9.681  ; 9.558  ;
; A[2]       ; S[6]        ; 9.287  ; 9.191  ; 9.697  ; 9.601  ;
; A[2]       ; flag_N      ; 7.031  ; 7.024  ; 7.507  ; 7.491  ;
; A[2]       ; flag_Z      ; 9.916  ; 9.824  ; 10.326 ; 10.225 ;
; A[3]       ; S[0]        ; 8.743  ; 8.649  ; 9.124  ; 9.030  ;
; A[3]       ; S[1]        ; 8.714  ; 8.627  ; 9.095  ; 9.008  ;
; A[3]       ; S[2]        ; 8.824  ; 8.748  ; 9.205  ; 9.129  ;
; A[3]       ; S[3]        ; 8.753  ; 8.834  ; 9.134  ; 9.215  ;
; A[3]       ; S[4]        ; 8.797  ; 8.834  ; 9.178  ; 9.224  ;
; A[3]       ; S[5]        ; 8.808  ; 8.728  ; 9.189  ; 9.109  ;
; A[3]       ; S[6]        ; 8.825  ; 8.734  ; 9.206  ; 9.115  ;
; A[3]       ; flag_N      ; 7.033  ; 7.081  ; 7.423  ; 7.462  ;
; A[3]       ; flag_Z      ; 9.450  ; 9.389  ; 9.831  ; 9.779  ;
; B[0]       ; S[0]        ; 9.359  ; 9.262  ; 9.888  ; 9.791  ;
; B[0]       ; S[1]        ; 9.259  ; 9.243  ; 9.694  ; 9.772  ;
; B[0]       ; S[2]        ; 9.406  ; 9.323  ; 9.935  ; 9.848  ;
; B[0]       ; S[3]        ; 9.363  ; 9.414  ; 9.892  ; 9.943  ;
; B[0]       ; S[4]        ; 9.394  ; 9.459  ; 9.891  ; 9.988  ;
; B[0]       ; S[5]        ; 9.412  ; 9.324  ; 9.941  ; 9.817  ;
; B[0]       ; S[6]        ; 9.428  ; 9.332  ; 9.957  ; 9.861  ;
; B[0]       ; flag_N      ; 7.314  ; 7.307  ; 7.796  ; 7.780  ;
; B[0]       ; flag_Z      ; 10.057 ; 9.991  ; 10.586 ; 10.426 ;
; B[1]       ; S[0]        ; 9.153  ; 9.056  ; 9.658  ; 9.561  ;
; B[1]       ; S[1]        ; 9.053  ; 9.037  ; 9.464  ; 9.542  ;
; B[1]       ; S[2]        ; 9.200  ; 9.117  ; 9.705  ; 9.618  ;
; B[1]       ; S[3]        ; 9.157  ; 9.208  ; 9.662  ; 9.713  ;
; B[1]       ; S[4]        ; 9.188  ; 9.253  ; 9.661  ; 9.758  ;
; B[1]       ; S[5]        ; 9.206  ; 9.118  ; 9.711  ; 9.587  ;
; B[1]       ; S[6]        ; 9.222  ; 9.126  ; 9.727  ; 9.631  ;
; B[1]       ; flag_N      ; 7.108  ; 7.101  ; 7.566  ; 7.550  ;
; B[1]       ; flag_Z      ; 9.851  ; 9.785  ; 10.356 ; 10.196 ;
; B[2]       ; S[0]        ; 9.268  ; 9.171  ; 9.656  ; 9.559  ;
; B[2]       ; S[1]        ; 9.142  ; 9.152  ; 9.525  ; 9.540  ;
; B[2]       ; S[2]        ; 9.315  ; 9.228  ; 9.703  ; 9.616  ;
; B[2]       ; S[3]        ; 9.272  ; 9.323  ; 9.660  ; 9.711  ;
; B[2]       ; S[4]        ; 9.277  ; 9.368  ; 9.660  ; 9.756  ;
; B[2]       ; S[5]        ; 9.321  ; 9.207  ; 9.709  ; 9.590  ;
; B[2]       ; S[6]        ; 9.337  ; 9.241  ; 9.725  ; 9.629  ;
; B[2]       ; flag_N      ; 7.079  ; 7.072  ; 7.542  ; 7.526  ;
; B[2]       ; flag_Z      ; 9.966  ; 9.874  ; 10.354 ; 10.257 ;
; B[3]       ; S[0]        ; 9.014  ; 8.929  ; 9.485  ; 9.391  ;
; B[3]       ; S[1]        ; 8.985  ; 8.907  ; 9.456  ; 9.369  ;
; B[3]       ; S[2]        ; 9.093  ; 9.026  ; 9.566  ; 9.490  ;
; B[3]       ; S[3]        ; 9.028  ; 9.100  ; 9.495  ; 9.576  ;
; B[3]       ; S[4]        ; 9.062  ; 9.134  ; 9.539  ; 9.552  ;
; B[3]       ; S[5]        ; 9.073  ; 9.001  ; 9.550  ; 9.470  ;
; B[3]       ; S[6]        ; 9.090  ; 9.006  ; 9.567  ; 9.476  ;
; B[3]       ; flag_N      ; 7.333  ; 7.346  ; 7.751  ; 7.823  ;
; B[3]       ; flag_Z      ; 9.715  ; 9.689  ; 10.192 ; 10.107 ;
; Sel[0]     ; S[0]        ; 9.160  ; 9.075  ; 9.548  ; 9.463  ;
; Sel[0]     ; S[1]        ; 9.130  ; 9.047  ; 9.518  ; 9.435  ;
; Sel[0]     ; S[2]        ; 9.243  ; 9.140  ; 9.631  ; 9.537  ;
; Sel[0]     ; S[3]        ; 9.172  ; 9.246  ; 9.560  ; 9.634  ;
; Sel[0]     ; S[4]        ; 9.188  ; 9.283  ; 9.585  ; 9.671  ;
; Sel[0]     ; S[5]        ; 9.218  ; 9.145  ; 9.606  ; 9.533  ;
; Sel[0]     ; S[6]        ; 9.233  ; 9.149  ; 9.621  ; 9.537  ;
; Sel[0]     ; flag_N      ; 7.351  ; 7.423  ; 7.785  ; 7.791  ;
; Sel[0]     ; flag_Z      ; 9.840  ; 9.838  ; 10.237 ; 10.226 ;
; Sel[1]     ; S[0]        ; 9.253  ; 9.198  ; 9.756  ; 9.671  ;
; Sel[1]     ; S[1]        ; 9.222  ; 9.174  ; 9.726  ; 9.643  ;
; Sel[1]     ; S[2]        ; 9.301  ; 9.297  ; 9.839  ; 9.706  ;
; Sel[1]     ; S[3]        ; 9.299  ; 9.342  ; 9.768  ; 9.842  ;
; Sel[1]     ; S[4]        ; 9.345  ; 9.341  ; 9.754  ; 9.879  ;
; Sel[1]     ; S[5]        ; 9.316  ; 9.275  ; 9.814  ; 9.741  ;
; Sel[1]     ; S[6]        ; 9.333  ; 9.280  ; 9.829  ; 9.745  ;
; Sel[1]     ; flag_N      ; 7.263  ; 7.309  ; 7.671  ; 7.743  ;
; Sel[1]     ; flag_Z      ; 9.997  ; 9.896  ; 10.406 ; 10.434 ;
+------------+-------------+--------+--------+--------+--------+


+------------------------------------------------------------+
; Minimum Propagation Delay                                  ;
+------------+-------------+-------+-------+--------+--------+
; Input Port ; Output Port ; RR    ; RF    ; FR     ; FF     ;
+------------+-------------+-------+-------+--------+--------+
; A[0]       ; S[0]        ; 8.041 ; 8.031 ; 8.474  ; 8.394  ;
; A[0]       ; S[1]        ; 8.021 ; 7.972 ; 8.454  ; 8.368  ;
; A[0]       ; S[2]        ; 8.238 ; 8.094 ; 8.601  ; 8.527  ;
; A[0]       ; S[3]        ; 8.096 ; 8.132 ; 8.491  ; 8.565  ;
; A[0]       ; S[4]        ; 8.119 ; 8.247 ; 8.552  ; 8.610  ;
; A[0]       ; S[5]        ; 8.093 ; 8.135 ; 8.526  ; 8.498  ;
; A[0]       ; S[6]        ; 8.145 ; 8.068 ; 8.578  ; 8.501  ;
; A[0]       ; flag_N      ; 6.698 ; 6.690 ; 7.112  ; 7.095  ;
; A[0]       ; flag_Z      ; 8.873 ; 8.757 ; 9.236  ; 9.190  ;
; A[1]       ; S[0]        ; 8.883 ; 8.789 ; 9.326  ; 9.232  ;
; A[1]       ; S[1]        ; 8.855 ; 8.768 ; 9.298  ; 9.211  ;
; A[1]       ; S[2]        ; 8.961 ; 8.885 ; 9.404  ; 9.328  ;
; A[1]       ; S[3]        ; 8.889 ; 8.970 ; 9.332  ; 9.413  ;
; A[1]       ; S[4]        ; 8.933 ; 9.024 ; 9.376  ; 9.476  ;
; A[1]       ; S[5]        ; 8.945 ; 8.866 ; 9.388  ; 9.309  ;
; A[1]       ; S[6]        ; 8.961 ; 8.871 ; 9.404  ; 9.314  ;
; A[1]       ; flag_N      ; 7.302 ; 7.294 ; 7.754  ; 7.737  ;
; A[1]       ; flag_Z      ; 9.567 ; 9.563 ; 10.010 ; 10.015 ;
; A[2]       ; S[0]        ; 8.405 ; 8.311 ; 8.813  ; 8.719  ;
; A[2]       ; S[1]        ; 8.377 ; 8.290 ; 8.785  ; 8.698  ;
; A[2]       ; S[2]        ; 8.483 ; 8.407 ; 8.891  ; 8.815  ;
; A[2]       ; S[3]        ; 8.411 ; 8.492 ; 8.819  ; 8.900  ;
; A[2]       ; S[4]        ; 8.455 ; 8.546 ; 8.863  ; 8.963  ;
; A[2]       ; S[5]        ; 8.467 ; 8.388 ; 8.875  ; 8.796  ;
; A[2]       ; S[6]        ; 8.483 ; 8.393 ; 8.891  ; 8.801  ;
; A[2]       ; flag_N      ; 6.824 ; 6.816 ; 7.241  ; 7.224  ;
; A[2]       ; flag_Z      ; 9.089 ; 9.085 ; 9.497  ; 9.502  ;
; A[3]       ; S[0]        ; 8.412 ; 8.319 ; 8.785  ; 8.691  ;
; A[3]       ; S[1]        ; 8.383 ; 8.298 ; 8.757  ; 8.670  ;
; A[3]       ; S[2]        ; 8.488 ; 8.415 ; 8.863  ; 8.787  ;
; A[3]       ; S[3]        ; 8.419 ; 8.495 ; 8.791  ; 8.872  ;
; A[3]       ; S[4]        ; 8.463 ; 8.527 ; 8.835  ; 8.907  ;
; A[3]       ; S[5]        ; 8.467 ; 8.396 ; 8.847  ; 8.768  ;
; A[3]       ; S[6]        ; 8.482 ; 8.401 ; 8.862  ; 8.773  ;
; A[3]       ; flag_N      ; 6.805 ; 6.824 ; 7.185  ; 7.196  ;
; A[3]       ; flag_Z      ; 9.097 ; 9.066 ; 9.469  ; 9.446  ;
; B[0]       ; S[0]        ; 8.188 ; 8.147 ; 8.593  ; 8.582  ;
; B[0]       ; S[1]        ; 8.168 ; 8.119 ; 8.573  ; 8.524  ;
; B[0]       ; S[2]        ; 8.354 ; 8.241 ; 8.789  ; 8.646  ;
; B[0]       ; S[3]        ; 8.243 ; 8.279 ; 8.648  ; 8.684  ;
; B[0]       ; S[4]        ; 8.266 ; 8.363 ; 8.671  ; 8.798  ;
; B[0]       ; S[5]        ; 8.240 ; 8.251 ; 8.645  ; 8.686  ;
; B[0]       ; S[6]        ; 8.292 ; 8.215 ; 8.697  ; 8.620  ;
; B[0]       ; flag_N      ; 7.123 ; 7.115 ; 7.572  ; 7.555  ;
; B[0]       ; flag_Z      ; 8.989 ; 8.904 ; 9.424  ; 9.309  ;
; B[1]       ; S[0]        ; 8.275 ; 8.220 ; 8.672  ; 8.617  ;
; B[1]       ; S[1]        ; 8.245 ; 8.195 ; 8.642  ; 8.592  ;
; B[1]       ; S[2]        ; 8.406 ; 8.315 ; 8.806  ; 8.712  ;
; B[1]       ; S[3]        ; 8.317 ; 8.360 ; 8.714  ; 8.757  ;
; B[1]       ; S[4]        ; 8.361 ; 8.445 ; 8.758  ; 8.845  ;
; B[1]       ; S[5]        ; 8.335 ; 8.294 ; 8.732  ; 8.691  ;
; B[1]       ; S[6]        ; 8.350 ; 8.298 ; 8.747  ; 8.695  ;
; B[1]       ; flag_N      ; 6.887 ; 6.879 ; 7.317  ; 7.300  ;
; B[1]       ; flag_Z      ; 8.995 ; 8.986 ; 9.392  ; 9.386  ;
; B[2]       ; S[0]        ; 8.456 ; 8.362 ; 8.848  ; 8.754  ;
; B[2]       ; S[1]        ; 8.428 ; 8.341 ; 8.820  ; 8.733  ;
; B[2]       ; S[2]        ; 8.534 ; 8.458 ; 8.926  ; 8.850  ;
; B[2]       ; S[3]        ; 8.462 ; 8.543 ; 8.854  ; 8.935  ;
; B[2]       ; S[4]        ; 8.506 ; 8.597 ; 8.898  ; 8.998  ;
; B[2]       ; S[5]        ; 8.518 ; 8.439 ; 8.910  ; 8.831  ;
; B[2]       ; S[6]        ; 8.534 ; 8.444 ; 8.926  ; 8.836  ;
; B[2]       ; flag_N      ; 6.875 ; 6.867 ; 7.276  ; 7.259  ;
; B[2]       ; flag_Z      ; 9.140 ; 9.136 ; 9.532  ; 9.537  ;
; B[3]       ; S[0]        ; 8.640 ; 8.547 ; 9.074  ; 8.981  ;
; B[3]       ; S[1]        ; 8.611 ; 8.526 ; 9.045  ; 8.960  ;
; B[3]       ; S[2]        ; 8.716 ; 8.643 ; 9.150  ; 9.077  ;
; B[3]       ; S[3]        ; 8.647 ; 8.723 ; 9.081  ; 9.157  ;
; B[3]       ; S[4]        ; 8.691 ; 8.755 ; 9.125  ; 9.189  ;
; B[3]       ; S[5]        ; 8.695 ; 8.624 ; 9.129  ; 9.058  ;
; B[3]       ; S[6]        ; 8.710 ; 8.629 ; 9.144  ; 9.063  ;
; B[3]       ; flag_N      ; 7.033 ; 7.052 ; 7.467  ; 7.486  ;
; B[3]       ; flag_Z      ; 9.325 ; 9.294 ; 9.759  ; 9.728  ;
; Sel[0]     ; S[0]        ; 8.109 ; 8.070 ; 8.506  ; 8.458  ;
; Sel[0]     ; S[1]        ; 8.089 ; 8.040 ; 8.486  ; 8.432  ;
; Sel[0]     ; S[2]        ; 8.247 ; 8.162 ; 8.657  ; 8.559  ;
; Sel[0]     ; S[3]        ; 8.164 ; 8.200 ; 8.555  ; 8.597  ;
; Sel[0]     ; S[4]        ; 8.187 ; 8.286 ; 8.584  ; 8.674  ;
; Sel[0]     ; S[5]        ; 8.161 ; 8.156 ; 8.558  ; 8.562  ;
; Sel[0]     ; S[6]        ; 8.213 ; 8.136 ; 8.610  ; 8.533  ;
; Sel[0]     ; flag_N      ; 6.564 ; 6.584 ; 6.982  ; 6.990  ;
; Sel[0]     ; flag_Z      ; 8.857 ; 8.825 ; 9.263  ; 9.222  ;
; Sel[1]     ; S[0]        ; 8.137 ; 8.043 ; 8.556  ; 8.466  ;
; Sel[1]     ; S[1]        ; 8.109 ; 8.022 ; 8.527  ; 8.445  ;
; Sel[1]     ; S[2]        ; 8.215 ; 8.139 ; 8.632  ; 8.562  ;
; Sel[1]     ; S[3]        ; 8.143 ; 8.224 ; 8.566  ; 8.639  ;
; Sel[1]     ; S[4]        ; 8.187 ; 8.277 ; 8.610  ; 8.671  ;
; Sel[1]     ; S[5]        ; 8.199 ; 8.120 ; 8.611  ; 8.541  ;
; Sel[1]     ; S[6]        ; 8.215 ; 8.125 ; 8.626  ; 8.545  ;
; Sel[1]     ; flag_N      ; 6.555 ; 6.548 ; 6.949  ; 6.971  ;
; Sel[1]     ; flag_Z      ; 8.821 ; 8.816 ; 9.244  ; 9.210  ;
+------------+-------------+-------+-------+--------+--------+


----------------------------------------------
; Slow 1200mV 85C Model Metastability Report ;
----------------------------------------------
No synchronizer chains to report.


-------------------------------------
; Slow 1200mV 0C Model Fmax Summary ;
-------------------------------------
No paths to report.


--------------------------------------
; Slow 1200mV 0C Model Setup Summary ;
--------------------------------------
No paths to report.


-------------------------------------
; Slow 1200mV 0C Model Hold Summary ;
-------------------------------------
No paths to report.


-----------------------------------------
; Slow 1200mV 0C Model Recovery Summary ;
-----------------------------------------
No paths to report.


----------------------------------------
; Slow 1200mV 0C Model Removal Summary ;
----------------------------------------
No paths to report.


----------------------------------------------------
; Slow 1200mV 0C Model Minimum Pulse Width Summary ;
----------------------------------------------------
No paths to report.


+----------------------------------------------------------+
; Propagation Delay                                        ;
+------------+-------------+-------+-------+-------+-------+
; Input Port ; Output Port ; RR    ; RF    ; FR    ; FF    ;
+------------+-------------+-------+-------+-------+-------+
; A[0]       ; S[0]        ; 8.209 ; 8.122 ; 8.591 ; 8.468 ;
; A[0]       ; S[1]        ; 8.158 ; 8.042 ; 8.477 ; 8.447 ;
; A[0]       ; S[2]        ; 8.230 ; 8.169 ; 8.628 ; 8.506 ;
; A[0]       ; S[3]        ; 8.184 ; 8.254 ; 8.548 ; 8.640 ;
; A[0]       ; S[4]        ; 8.229 ; 8.267 ; 8.548 ; 8.672 ;
; A[0]       ; S[5]        ; 8.224 ; 8.174 ; 8.629 ; 8.493 ;
; A[0]       ; S[6]        ; 8.236 ; 8.197 ; 8.641 ; 8.541 ;
; A[0]       ; flag_N      ; 6.368 ; 6.341 ; 6.726 ; 6.691 ;
; A[0]       ; flag_Z      ; 8.790 ; 8.844 ; 9.195 ; 9.163 ;
; A[1]       ; S[0]        ; 8.795 ; 8.708 ; 9.199 ; 9.076 ;
; A[1]       ; S[1]        ; 8.744 ; 8.628 ; 9.085 ; 9.055 ;
; A[1]       ; S[2]        ; 8.816 ; 8.755 ; 9.236 ; 9.114 ;
; A[1]       ; S[3]        ; 8.770 ; 8.840 ; 9.156 ; 9.248 ;
; A[1]       ; S[4]        ; 8.815 ; 8.853 ; 9.156 ; 9.280 ;
; A[1]       ; S[5]        ; 8.810 ; 8.760 ; 9.237 ; 9.101 ;
; A[1]       ; S[6]        ; 8.822 ; 8.783 ; 9.249 ; 9.149 ;
; A[1]       ; flag_N      ; 6.954 ; 6.927 ; 7.334 ; 7.299 ;
; A[1]       ; flag_Z      ; 9.376 ; 9.430 ; 9.803 ; 9.771 ;
; A[2]       ; S[0]        ; 8.469 ; 8.382 ; 8.832 ; 8.737 ;
; A[2]       ; S[1]        ; 8.418 ; 8.325 ; 8.773 ; 8.688 ;
; A[2]       ; S[2]        ; 8.506 ; 8.429 ; 8.869 ; 8.784 ;
; A[2]       ; S[3]        ; 8.444 ; 8.518 ; 8.799 ; 8.881 ;
; A[2]       ; S[4]        ; 8.489 ; 8.550 ; 8.844 ; 8.913 ;
; A[2]       ; S[5]        ; 8.507 ; 8.434 ; 8.870 ; 8.789 ;
; A[2]       ; S[6]        ; 8.519 ; 8.457 ; 8.882 ; 8.812 ;
; A[2]       ; flag_N      ; 6.523 ; 6.496 ; 6.936 ; 6.901 ;
; A[2]       ; flag_Z      ; 9.073 ; 9.104 ; 9.436 ; 9.459 ;
; A[3]       ; S[0]        ; 8.087 ; 7.973 ; 8.421 ; 8.307 ;
; A[3]       ; S[1]        ; 8.062 ; 7.951 ; 8.396 ; 8.285 ;
; A[3]       ; S[2]        ; 8.152 ; 8.047 ; 8.486 ; 8.381 ;
; A[3]       ; S[3]        ; 8.055 ; 8.165 ; 8.389 ; 8.499 ;
; A[3]       ; S[4]        ; 8.042 ; 8.189 ; 8.368 ; 8.523 ;
; A[3]       ; S[5]        ; 8.137 ; 8.034 ; 8.471 ; 8.368 ;
; A[3]       ; S[6]        ; 8.148 ; 8.058 ; 8.482 ; 8.392 ;
; A[3]       ; flag_N      ; 6.531 ; 6.543 ; 6.865 ; 6.869 ;
; A[3]       ; flag_Z      ; 8.657 ; 8.722 ; 8.983 ; 9.056 ;
; B[0]       ; S[0]        ; 8.630 ; 8.543 ; 9.035 ; 8.912 ;
; B[0]       ; S[1]        ; 8.579 ; 8.463 ; 8.921 ; 8.891 ;
; B[0]       ; S[2]        ; 8.651 ; 8.590 ; 9.072 ; 8.950 ;
; B[0]       ; S[3]        ; 8.605 ; 8.675 ; 8.992 ; 9.084 ;
; B[0]       ; S[4]        ; 8.650 ; 8.688 ; 8.992 ; 9.116 ;
; B[0]       ; S[5]        ; 8.645 ; 8.595 ; 9.073 ; 8.937 ;
; B[0]       ; S[6]        ; 8.657 ; 8.618 ; 9.085 ; 8.985 ;
; B[0]       ; flag_N      ; 6.789 ; 6.762 ; 7.170 ; 7.135 ;
; B[0]       ; flag_Z      ; 9.211 ; 9.265 ; 9.639 ; 9.607 ;
; B[1]       ; S[0]        ; 8.440 ; 8.353 ; 8.841 ; 8.718 ;
; B[1]       ; S[1]        ; 8.389 ; 8.273 ; 8.727 ; 8.697 ;
; B[1]       ; S[2]        ; 8.461 ; 8.400 ; 8.878 ; 8.756 ;
; B[1]       ; S[3]        ; 8.415 ; 8.485 ; 8.798 ; 8.890 ;
; B[1]       ; S[4]        ; 8.460 ; 8.498 ; 8.798 ; 8.922 ;
; B[1]       ; S[5]        ; 8.455 ; 8.405 ; 8.879 ; 8.743 ;
; B[1]       ; S[6]        ; 8.467 ; 8.428 ; 8.891 ; 8.791 ;
; B[1]       ; flag_N      ; 6.599 ; 6.572 ; 6.976 ; 6.941 ;
; B[1]       ; flag_Z      ; 9.021 ; 9.075 ; 9.445 ; 9.413 ;
; B[2]       ; S[0]        ; 8.509 ; 8.422 ; 8.853 ; 8.758 ;
; B[2]       ; S[1]        ; 8.458 ; 8.365 ; 8.794 ; 8.709 ;
; B[2]       ; S[2]        ; 8.546 ; 8.469 ; 8.890 ; 8.805 ;
; B[2]       ; S[3]        ; 8.484 ; 8.558 ; 8.820 ; 8.902 ;
; B[2]       ; S[4]        ; 8.529 ; 8.590 ; 8.865 ; 8.934 ;
; B[2]       ; S[5]        ; 8.547 ; 8.474 ; 8.891 ; 8.810 ;
; B[2]       ; S[6]        ; 8.559 ; 8.497 ; 8.903 ; 8.833 ;
; B[2]       ; flag_N      ; 6.562 ; 6.535 ; 6.962 ; 6.927 ;
; B[2]       ; flag_Z      ; 9.113 ; 9.144 ; 9.457 ; 9.480 ;
; B[3]       ; S[0]        ; 8.357 ; 8.243 ; 8.684 ; 8.570 ;
; B[3]       ; S[1]        ; 8.332 ; 8.221 ; 8.659 ; 8.548 ;
; B[3]       ; S[2]        ; 8.422 ; 8.317 ; 8.749 ; 8.644 ;
; B[3]       ; S[3]        ; 8.325 ; 8.435 ; 8.652 ; 8.762 ;
; B[3]       ; S[4]        ; 8.281 ; 8.459 ; 8.672 ; 8.786 ;
; B[3]       ; S[5]        ; 8.407 ; 8.304 ; 8.734 ; 8.631 ;
; B[3]       ; S[6]        ; 8.418 ; 8.328 ; 8.745 ; 8.655 ;
; B[3]       ; flag_N      ; 6.801 ; 6.782 ; 7.128 ; 7.173 ;
; B[3]       ; flag_Z      ; 8.896 ; 8.992 ; 9.287 ; 9.319 ;
; Sel[0]     ; S[0]        ; 8.473 ; 8.359 ; 8.815 ; 8.701 ;
; Sel[0]     ; S[1]        ; 8.447 ; 8.332 ; 8.789 ; 8.674 ;
; Sel[0]     ; S[2]        ; 8.543 ; 8.351 ; 8.885 ; 8.701 ;
; Sel[0]     ; S[3]        ; 8.437 ; 8.549 ; 8.779 ; 8.891 ;
; Sel[0]     ; S[4]        ; 8.394 ; 8.580 ; 8.744 ; 8.922 ;
; Sel[0]     ; S[5]        ; 8.523 ; 8.418 ; 8.865 ; 8.760 ;
; Sel[0]     ; S[6]        ; 8.533 ; 8.441 ; 8.875 ; 8.783 ;
; Sel[0]     ; flag_N      ; 6.797 ; 6.842 ; 7.184 ; 7.160 ;
; Sel[0]     ; flag_Z      ; 9.008 ; 9.113 ; 9.358 ; 9.455 ;
; Sel[1]     ; S[0]        ; 8.532 ; 8.426 ; 9.006 ; 8.892 ;
; Sel[1]     ; S[1]        ; 8.506 ; 8.403 ; 8.980 ; 8.865 ;
; Sel[1]     ; S[2]        ; 8.602 ; 8.501 ; 9.076 ; 8.856 ;
; Sel[1]     ; S[3]        ; 8.509 ; 8.608 ; 8.970 ; 9.082 ;
; Sel[1]     ; S[4]        ; 8.544 ; 8.639 ; 8.899 ; 9.113 ;
; Sel[1]     ; S[5]        ; 8.582 ; 8.492 ; 9.056 ; 8.951 ;
; Sel[1]     ; S[6]        ; 8.592 ; 8.517 ; 9.066 ; 8.974 ;
; Sel[1]     ; flag_N      ; 6.731 ; 6.741 ; 7.086 ; 7.127 ;
; Sel[1]     ; flag_Z      ; 9.158 ; 9.172 ; 9.513 ; 9.646 ;
+------------+-------------+-------+-------+-------+-------+


+----------------------------------------------------------+
; Minimum Propagation Delay                                ;
+------------+-------------+-------+-------+-------+-------+
; Input Port ; Output Port ; RR    ; RF    ; FR    ; FF    ;
+------------+-------------+-------+-------+-------+-------+
; A[0]       ; S[0]        ; 7.456 ; 7.361 ; 7.826 ; 7.673 ;
; A[0]       ; S[1]        ; 7.442 ; 7.337 ; 7.793 ; 7.649 ;
; A[0]       ; S[2]        ; 7.573 ; 7.454 ; 7.885 ; 7.824 ;
; A[0]       ; S[3]        ; 7.443 ; 7.540 ; 7.755 ; 7.897 ;
; A[0]       ; S[4]        ; 7.481 ; 7.583 ; 7.851 ; 7.895 ;
; A[0]       ; S[5]        ; 7.502 ; 7.449 ; 7.872 ; 7.761 ;
; A[0]       ; S[6]        ; 7.546 ; 7.460 ; 7.885 ; 7.814 ;
; A[0]       ; flag_N      ; 6.230 ; 6.203 ; 6.580 ; 6.547 ;
; A[0]       ; flag_Z      ; 8.132 ; 8.130 ; 8.444 ; 8.500 ;
; A[1]       ; S[0]        ; 8.197 ; 8.079 ; 8.563 ; 8.445 ;
; A[1]       ; S[1]        ; 8.174 ; 8.059 ; 8.540 ; 8.425 ;
; A[1]       ; S[2]        ; 8.262 ; 8.152 ; 8.628 ; 8.518 ;
; A[1]       ; S[3]        ; 8.163 ; 8.276 ; 8.529 ; 8.642 ;
; A[1]       ; S[4]        ; 8.195 ; 8.374 ; 8.561 ; 8.746 ;
; A[1]       ; S[5]        ; 8.252 ; 8.144 ; 8.618 ; 8.510 ;
; A[1]       ; S[6]        ; 8.264 ; 8.169 ; 8.630 ; 8.535 ;
; A[1]       ; flag_N      ; 6.790 ; 6.763 ; 7.162 ; 7.129 ;
; A[1]       ; flag_Z      ; 8.793 ; 8.893 ; 9.159 ; 9.265 ;
; A[2]       ; S[0]        ; 7.754 ; 7.636 ; 8.105 ; 7.987 ;
; A[2]       ; S[1]        ; 7.731 ; 7.616 ; 8.082 ; 7.967 ;
; A[2]       ; S[2]        ; 7.819 ; 7.709 ; 8.170 ; 8.060 ;
; A[2]       ; S[3]        ; 7.720 ; 7.833 ; 8.071 ; 8.184 ;
; A[2]       ; S[4]        ; 7.752 ; 7.931 ; 8.103 ; 8.288 ;
; A[2]       ; S[5]        ; 7.809 ; 7.701 ; 8.160 ; 8.052 ;
; A[2]       ; S[6]        ; 7.821 ; 7.726 ; 8.172 ; 8.077 ;
; A[2]       ; flag_N      ; 6.347 ; 6.320 ; 6.704 ; 6.671 ;
; A[2]       ; flag_Z      ; 8.350 ; 8.450 ; 8.701 ; 8.807 ;
; A[3]       ; S[0]        ; 7.756 ; 7.638 ; 8.075 ; 7.957 ;
; A[3]       ; S[1]        ; 7.733 ; 7.618 ; 8.052 ; 7.937 ;
; A[3]       ; S[2]        ; 7.821 ; 7.711 ; 8.140 ; 8.030 ;
; A[3]       ; S[3]        ; 7.722 ; 7.835 ; 8.041 ; 8.154 ;
; A[3]       ; S[4]        ; 7.754 ; 7.915 ; 8.073 ; 8.240 ;
; A[3]       ; S[5]        ; 7.811 ; 7.703 ; 8.130 ; 8.022 ;
; A[3]       ; S[6]        ; 7.823 ; 7.728 ; 8.142 ; 8.047 ;
; A[3]       ; flag_N      ; 6.331 ; 6.322 ; 6.656 ; 6.641 ;
; A[3]       ; flag_Z      ; 8.352 ; 8.434 ; 8.671 ; 8.759 ;
; B[0]       ; S[0]        ; 7.595 ; 7.475 ; 7.933 ; 7.840 ;
; B[0]       ; S[1]        ; 7.581 ; 7.451 ; 7.919 ; 7.816 ;
; B[0]       ; S[2]        ; 7.687 ; 7.593 ; 8.052 ; 7.931 ;
; B[0]       ; S[3]        ; 7.557 ; 7.679 ; 7.922 ; 8.017 ;
; B[0]       ; S[4]        ; 7.620 ; 7.697 ; 7.958 ; 8.062 ;
; B[0]       ; S[5]        ; 7.641 ; 7.563 ; 7.979 ; 7.928 ;
; B[0]       ; S[6]        ; 7.685 ; 7.599 ; 8.023 ; 7.937 ;
; B[0]       ; flag_N      ; 6.620 ; 6.593 ; 6.982 ; 6.949 ;
; B[0]       ; flag_Z      ; 8.246 ; 8.269 ; 8.611 ; 8.607 ;
; B[1]       ; S[0]        ; 7.633 ; 7.548 ; 7.976 ; 7.891 ;
; B[1]       ; S[1]        ; 7.609 ; 7.525 ; 7.952 ; 7.868 ;
; B[1]       ; S[2]        ; 7.799 ; 7.620 ; 8.147 ; 7.963 ;
; B[1]       ; S[3]        ; 7.629 ; 7.710 ; 7.972 ; 8.053 ;
; B[1]       ; S[4]        ; 7.662 ; 7.835 ; 8.005 ; 8.183 ;
; B[1]       ; S[5]        ; 7.688 ; 7.612 ; 8.031 ; 7.955 ;
; B[1]       ; S[6]        ; 7.699 ; 7.636 ; 8.042 ; 7.979 ;
; B[1]       ; flag_N      ; 6.402 ; 6.375 ; 6.761 ; 6.728 ;
; B[1]       ; flag_Z      ; 8.260 ; 8.355 ; 8.603 ; 8.703 ;
; B[2]       ; S[0]        ; 7.797 ; 7.679 ; 8.130 ; 8.012 ;
; B[2]       ; S[1]        ; 7.774 ; 7.659 ; 8.107 ; 7.992 ;
; B[2]       ; S[2]        ; 7.862 ; 7.752 ; 8.195 ; 8.085 ;
; B[2]       ; S[3]        ; 7.763 ; 7.876 ; 8.096 ; 8.209 ;
; B[2]       ; S[4]        ; 7.795 ; 7.974 ; 8.128 ; 8.313 ;
; B[2]       ; S[5]        ; 7.852 ; 7.744 ; 8.185 ; 8.077 ;
; B[2]       ; S[6]        ; 7.864 ; 7.769 ; 8.197 ; 8.102 ;
; B[2]       ; flag_N      ; 6.390 ; 6.363 ; 6.729 ; 6.696 ;
; B[2]       ; flag_Z      ; 8.393 ; 8.493 ; 8.726 ; 8.832 ;
; B[3]       ; S[0]        ; 7.968 ; 7.850 ; 8.323 ; 8.205 ;
; B[3]       ; S[1]        ; 7.945 ; 7.830 ; 8.300 ; 8.185 ;
; B[3]       ; S[2]        ; 8.033 ; 7.923 ; 8.388 ; 8.278 ;
; B[3]       ; S[3]        ; 7.934 ; 8.047 ; 8.289 ; 8.402 ;
; B[3]       ; S[4]        ; 7.966 ; 8.118 ; 8.321 ; 8.473 ;
; B[3]       ; S[5]        ; 8.023 ; 7.915 ; 8.378 ; 8.270 ;
; B[3]       ; S[6]        ; 8.035 ; 7.940 ; 8.390 ; 8.295 ;
; B[3]       ; flag_N      ; 6.534 ; 6.534 ; 6.889 ; 6.889 ;
; B[3]       ; flag_Z      ; 8.564 ; 8.637 ; 8.919 ; 8.992 ;
; Sel[0]     ; S[0]        ; 7.512 ; 7.394 ; 7.862 ; 7.738 ;
; Sel[0]     ; S[1]        ; 7.498 ; 7.370 ; 7.848 ; 7.714 ;
; Sel[0]     ; S[2]        ; 7.604 ; 7.494 ; 7.950 ; 7.842 ;
; Sel[0]     ; S[3]        ; 7.476 ; 7.596 ; 7.820 ; 7.946 ;
; Sel[0]     ; S[4]        ; 7.537 ; 7.616 ; 7.885 ; 7.960 ;
; Sel[0]     ; S[5]        ; 7.558 ; 7.482 ; 7.908 ; 7.826 ;
; Sel[0]     ; S[6]        ; 7.602 ; 7.511 ; 7.950 ; 7.859 ;
; Sel[0]     ; flag_N      ; 6.103 ; 6.105 ; 6.464 ; 6.453 ;
; Sel[0]     ; flag_Z      ; 8.135 ; 8.186 ; 8.483 ; 8.536 ;
; Sel[1]     ; S[0]        ; 7.505 ; 7.387 ; 7.882 ; 7.764 ;
; Sel[1]     ; S[1]        ; 7.482 ; 7.367 ; 7.859 ; 7.744 ;
; Sel[1]     ; S[2]        ; 7.570 ; 7.460 ; 7.947 ; 7.837 ;
; Sel[1]     ; S[3]        ; 7.471 ; 7.584 ; 7.848 ; 7.961 ;
; Sel[1]     ; S[4]        ; 7.503 ; 7.682 ; 7.880 ; 8.032 ;
; Sel[1]     ; S[5]        ; 7.560 ; 7.452 ; 7.937 ; 7.829 ;
; Sel[1]     ; S[6]        ; 7.572 ; 7.477 ; 7.949 ; 7.854 ;
; Sel[1]     ; flag_N      ; 6.098 ; 6.071 ; 6.448 ; 6.448 ;
; Sel[1]     ; flag_Z      ; 8.101 ; 8.201 ; 8.478 ; 8.551 ;
+------------+-------------+-------+-------+-------+-------+


---------------------------------------------
; Slow 1200mV 0C Model Metastability Report ;
---------------------------------------------
No synchronizer chains to report.


--------------------------------------
; Fast 1200mV 0C Model Setup Summary ;
--------------------------------------
No paths to report.


-------------------------------------
; Fast 1200mV 0C Model Hold Summary ;
-------------------------------------
No paths to report.


-----------------------------------------
; Fast 1200mV 0C Model Recovery Summary ;
-----------------------------------------
No paths to report.


----------------------------------------
; Fast 1200mV 0C Model Removal Summary ;
----------------------------------------
No paths to report.


----------------------------------------------------
; Fast 1200mV 0C Model Minimum Pulse Width Summary ;
----------------------------------------------------
No paths to report.


+----------------------------------------------------------+
; Propagation Delay                                        ;
+------------+-------------+-------+-------+-------+-------+
; Input Port ; Output Port ; RR    ; RF    ; FR    ; FF    ;
+------------+-------------+-------+-------+-------+-------+
; A[0]       ; S[0]        ; 5.221 ; 5.226 ; 5.818 ; 5.823 ;
; A[0]       ; S[1]        ; 5.032 ; 5.202 ; 5.576 ; 5.799 ;
; A[0]       ; S[2]        ; 5.255 ; 5.265 ; 5.852 ; 5.862 ;
; A[0]       ; S[3]        ; 5.284 ; 5.258 ; 5.881 ; 5.855 ;
; A[0]       ; S[4]        ; 5.288 ; 5.281 ; 5.885 ; 5.878 ;
; A[0]       ; S[5]        ; 5.250 ; 5.238 ; 5.847 ; 5.835 ;
; A[0]       ; S[6]        ; 5.253 ; 5.262 ; 5.850 ; 5.859 ;
; A[0]       ; flag_N      ; 4.060 ; 4.090 ; 4.638 ; 4.661 ;
; A[0]       ; flag_Z      ; 5.770 ; 5.556 ; 6.367 ; 6.100 ;
; A[1]       ; S[0]        ; 5.602 ; 5.607 ; 6.235 ; 6.240 ;
; A[1]       ; S[1]        ; 5.489 ; 5.583 ; 6.064 ; 6.216 ;
; A[1]       ; S[2]        ; 5.636 ; 5.646 ; 6.269 ; 6.279 ;
; A[1]       ; S[3]        ; 5.665 ; 5.639 ; 6.298 ; 6.272 ;
; A[1]       ; S[4]        ; 5.669 ; 5.662 ; 6.302 ; 6.295 ;
; A[1]       ; S[5]        ; 5.631 ; 5.619 ; 6.264 ; 6.252 ;
; A[1]       ; S[6]        ; 5.634 ; 5.643 ; 6.267 ; 6.276 ;
; A[1]       ; flag_N      ; 4.441 ; 4.471 ; 5.055 ; 5.078 ;
; A[1]       ; flag_Z      ; 6.151 ; 5.937 ; 6.784 ; 6.517 ;
; A[2]       ; S[0]        ; 5.425 ; 5.430 ; 5.992 ; 5.997 ;
; A[2]       ; S[1]        ; 5.216 ; 5.406 ; 5.776 ; 5.973 ;
; A[2]       ; S[2]        ; 5.459 ; 5.469 ; 6.026 ; 6.036 ;
; A[2]       ; S[3]        ; 5.488 ; 5.462 ; 6.055 ; 6.029 ;
; A[2]       ; S[4]        ; 5.492 ; 5.485 ; 6.059 ; 6.052 ;
; A[2]       ; S[5]        ; 5.454 ; 5.442 ; 6.021 ; 6.009 ;
; A[2]       ; S[6]        ; 5.457 ; 5.466 ; 6.024 ; 6.033 ;
; A[2]       ; flag_N      ; 4.184 ; 4.214 ; 4.796 ; 4.819 ;
; A[2]       ; flag_Z      ; 5.974 ; 5.740 ; 6.541 ; 6.300 ;
; A[3]       ; S[0]        ; 5.144 ; 5.160 ; 5.699 ; 5.715 ;
; A[3]       ; S[1]        ; 5.126 ; 5.139 ; 5.681 ; 5.694 ;
; A[3]       ; S[2]        ; 5.199 ; 5.219 ; 5.754 ; 5.774 ;
; A[3]       ; S[3]        ; 5.224 ; 5.206 ; 5.779 ; 5.761 ;
; A[3]       ; S[4]        ; 5.247 ; 5.059 ; 5.802 ; 5.621 ;
; A[3]       ; S[5]        ; 5.187 ; 5.206 ; 5.742 ; 5.761 ;
; A[3]       ; S[6]        ; 5.191 ; 5.211 ; 5.746 ; 5.766 ;
; A[3]       ; flag_N      ; 4.167 ; 4.237 ; 4.729 ; 4.792 ;
; A[3]       ; flag_Z      ; 5.707 ; 5.470 ; 6.262 ; 6.032 ;
; B[0]       ; S[0]        ; 5.493 ; 5.498 ; 6.124 ; 6.129 ;
; B[0]       ; S[1]        ; 5.304 ; 5.474 ; 5.882 ; 6.105 ;
; B[0]       ; S[2]        ; 5.527 ; 5.537 ; 6.158 ; 6.168 ;
; B[0]       ; S[3]        ; 5.556 ; 5.530 ; 6.187 ; 6.161 ;
; B[0]       ; S[4]        ; 5.560 ; 5.553 ; 6.191 ; 6.184 ;
; B[0]       ; S[5]        ; 5.522 ; 5.510 ; 6.153 ; 6.141 ;
; B[0]       ; S[6]        ; 5.525 ; 5.534 ; 6.156 ; 6.165 ;
; B[0]       ; flag_N      ; 4.332 ; 4.362 ; 4.944 ; 4.967 ;
; B[0]       ; flag_Z      ; 6.042 ; 5.828 ; 6.673 ; 6.406 ;
; B[1]       ; S[0]        ; 5.360 ; 5.365 ; 5.974 ; 5.979 ;
; B[1]       ; S[1]        ; 5.171 ; 5.341 ; 5.732 ; 5.955 ;
; B[1]       ; S[2]        ; 5.394 ; 5.404 ; 6.008 ; 6.018 ;
; B[1]       ; S[3]        ; 5.423 ; 5.397 ; 6.037 ; 6.011 ;
; B[1]       ; S[4]        ; 5.427 ; 5.420 ; 6.041 ; 6.034 ;
; B[1]       ; S[5]        ; 5.389 ; 5.377 ; 6.003 ; 5.991 ;
; B[1]       ; S[6]        ; 5.392 ; 5.401 ; 6.006 ; 6.015 ;
; B[1]       ; flag_N      ; 4.199 ; 4.229 ; 4.794 ; 4.817 ;
; B[1]       ; flag_Z      ; 5.909 ; 5.695 ; 6.523 ; 6.256 ;
; B[2]       ; S[0]        ; 5.437 ; 5.442 ; 6.000 ; 6.005 ;
; B[2]       ; S[1]        ; 5.228 ; 5.418 ; 5.786 ; 5.981 ;
; B[2]       ; S[2]        ; 5.471 ; 5.481 ; 6.034 ; 6.044 ;
; B[2]       ; S[3]        ; 5.500 ; 5.474 ; 6.063 ; 6.037 ;
; B[2]       ; S[4]        ; 5.504 ; 5.497 ; 6.067 ; 6.060 ;
; B[2]       ; S[5]        ; 5.466 ; 5.454 ; 6.029 ; 6.017 ;
; B[2]       ; S[6]        ; 5.469 ; 5.478 ; 6.032 ; 6.041 ;
; B[2]       ; flag_N      ; 4.195 ; 4.225 ; 4.805 ; 4.828 ;
; B[2]       ; flag_Z      ; 5.986 ; 5.752 ; 6.549 ; 6.310 ;
; B[3]       ; S[0]        ; 5.310 ; 5.326 ; 5.901 ; 5.917 ;
; B[3]       ; S[1]        ; 5.292 ; 5.305 ; 5.883 ; 5.896 ;
; B[3]       ; S[2]        ; 5.365 ; 5.385 ; 5.956 ; 5.976 ;
; B[3]       ; S[3]        ; 5.390 ; 5.372 ; 5.981 ; 5.963 ;
; B[3]       ; S[4]        ; 5.413 ; 5.252 ; 6.004 ; 5.815 ;
; B[3]       ; S[5]        ; 5.353 ; 5.372 ; 5.944 ; 5.963 ;
; B[3]       ; S[6]        ; 5.357 ; 5.377 ; 5.948 ; 5.968 ;
; B[3]       ; flag_N      ; 4.360 ; 4.403 ; 4.923 ; 4.994 ;
; B[3]       ; flag_Z      ; 5.873 ; 5.663 ; 6.464 ; 6.226 ;
; Sel[0]     ; S[0]        ; 5.341 ; 5.379 ; 5.921 ; 5.959 ;
; Sel[0]     ; S[1]        ; 5.330 ; 5.365 ; 5.910 ; 5.945 ;
; Sel[0]     ; S[2]        ; 5.390 ; 5.438 ; 5.952 ; 6.018 ;
; Sel[0]     ; S[3]        ; 5.445 ; 5.405 ; 6.025 ; 5.985 ;
; Sel[0]     ; S[4]        ; 5.468 ; 5.322 ; 6.048 ; 5.900 ;
; Sel[0]     ; S[5]        ; 5.385 ; 5.427 ; 5.965 ; 6.007 ;
; Sel[0]     ; S[6]        ; 5.389 ; 5.431 ; 5.969 ; 6.011 ;
; Sel[0]     ; flag_N      ; 4.357 ; 4.428 ; 4.952 ; 4.990 ;
; Sel[0]     ; flag_Z      ; 5.928 ; 5.722 ; 6.508 ; 6.295 ;
; Sel[1]     ; S[0]        ; 5.459 ; 5.497 ; 6.044 ; 6.082 ;
; Sel[1]     ; S[1]        ; 5.448 ; 5.483 ; 6.033 ; 6.068 ;
; Sel[1]     ; S[2]        ; 5.440 ; 5.556 ; 6.025 ; 6.141 ;
; Sel[1]     ; S[3]        ; 5.563 ; 5.523 ; 6.148 ; 6.108 ;
; Sel[1]     ; S[4]        ; 5.586 ; 5.466 ; 6.171 ; 6.051 ;
; Sel[1]     ; S[5]        ; 5.503 ; 5.545 ; 6.088 ; 6.130 ;
; Sel[1]     ; S[6]        ; 5.507 ; 5.549 ; 6.092 ; 6.134 ;
; Sel[1]     ; flag_N      ; 4.331 ; 4.398 ; 4.912 ; 4.983 ;
; Sel[1]     ; flag_Z      ; 6.046 ; 5.787 ; 6.631 ; 6.448 ;
+------------+-------------+-------+-------+-------+-------+


+----------------------------------------------------------+
; Minimum Propagation Delay                                ;
+------------+-------------+-------+-------+-------+-------+
; Input Port ; Output Port ; RR    ; RF    ; FR    ; FF    ;
+------------+-------------+-------+-------+-------+-------+
; A[0]       ; S[0]        ; 4.615 ; 4.685 ; 5.187 ; 5.257 ;
; A[0]       ; S[1]        ; 4.606 ; 4.636 ; 5.178 ; 5.208 ;
; A[0]       ; S[2]        ; 4.791 ; 4.712 ; 5.329 ; 5.284 ;
; A[0]       ; S[3]        ; 4.718 ; 4.679 ; 5.290 ; 5.251 ;
; A[0]       ; S[4]        ; 4.729 ; 4.815 ; 5.301 ; 5.353 ;
; A[0]       ; S[5]        ; 4.653 ; 4.805 ; 5.225 ; 5.338 ;
; A[0]       ; S[6]        ; 4.678 ; 4.700 ; 5.250 ; 5.272 ;
; A[0]       ; flag_N      ; 3.967 ; 3.996 ; 4.539 ; 4.561 ;
; A[0]       ; flag_Z      ; 5.347 ; 5.128 ; 5.876 ; 5.700 ;
; A[1]       ; S[0]        ; 5.102 ; 5.125 ; 5.709 ; 5.732 ;
; A[1]       ; S[1]        ; 5.089 ; 5.109 ; 5.696 ; 5.716 ;
; A[1]       ; S[2]        ; 5.156 ; 5.182 ; 5.763 ; 5.789 ;
; A[1]       ; S[3]        ; 5.187 ; 5.162 ; 5.794 ; 5.769 ;
; A[1]       ; S[4]        ; 5.324 ; 5.180 ; 5.924 ; 5.787 ;
; A[1]       ; S[5]        ; 5.144 ; 5.170 ; 5.751 ; 5.777 ;
; A[1]       ; S[6]        ; 5.148 ; 5.174 ; 5.755 ; 5.781 ;
; A[1]       ; flag_N      ; 4.332 ; 4.361 ; 4.939 ; 4.961 ;
; A[1]       ; flag_Z      ; 5.772 ; 5.582 ; 6.372 ; 6.189 ;
; A[2]       ; S[0]        ; 4.834 ; 4.857 ; 5.412 ; 5.435 ;
; A[2]       ; S[1]        ; 4.821 ; 4.841 ; 5.399 ; 5.419 ;
; A[2]       ; S[2]        ; 4.888 ; 4.914 ; 5.466 ; 5.492 ;
; A[2]       ; S[3]        ; 4.919 ; 4.894 ; 5.497 ; 5.472 ;
; A[2]       ; S[4]        ; 5.056 ; 4.912 ; 5.627 ; 5.490 ;
; A[2]       ; S[5]        ; 4.876 ; 4.902 ; 5.454 ; 5.480 ;
; A[2]       ; S[6]        ; 4.880 ; 4.906 ; 5.458 ; 5.484 ;
; A[2]       ; flag_N      ; 4.064 ; 4.093 ; 4.642 ; 4.664 ;
; A[2]       ; flag_Z      ; 5.504 ; 5.314 ; 6.075 ; 5.892 ;
; A[3]       ; S[0]        ; 4.807 ; 4.830 ; 5.363 ; 5.386 ;
; A[3]       ; S[1]        ; 4.794 ; 4.814 ; 5.350 ; 5.370 ;
; A[3]       ; S[2]        ; 4.861 ; 4.887 ; 5.417 ; 5.443 ;
; A[3]       ; S[3]        ; 4.892 ; 4.867 ; 5.448 ; 5.423 ;
; A[3]       ; S[4]        ; 5.037 ; 4.885 ; 5.593 ; 5.441 ;
; A[3]       ; S[5]        ; 4.849 ; 4.875 ; 5.405 ; 5.431 ;
; A[3]       ; S[6]        ; 4.853 ; 4.879 ; 5.409 ; 5.435 ;
; A[3]       ; flag_N      ; 4.037 ; 4.074 ; 4.593 ; 4.630 ;
; A[3]       ; flag_Z      ; 5.485 ; 5.287 ; 6.041 ; 5.843 ;
; B[0]       ; S[0]        ; 4.715 ; 4.785 ; 5.260 ; 5.330 ;
; B[0]       ; S[1]        ; 4.706 ; 4.736 ; 5.251 ; 5.281 ;
; B[0]       ; S[2]        ; 4.874 ; 4.812 ; 5.419 ; 5.357 ;
; B[0]       ; S[3]        ; 4.818 ; 4.779 ; 5.363 ; 5.324 ;
; B[0]       ; S[4]        ; 4.829 ; 4.898 ; 5.374 ; 5.443 ;
; B[0]       ; S[5]        ; 4.753 ; 4.883 ; 5.298 ; 5.428 ;
; B[0]       ; S[6]        ; 4.778 ; 4.800 ; 5.323 ; 5.345 ;
; B[0]       ; flag_N      ; 4.221 ; 4.250 ; 4.813 ; 4.835 ;
; B[0]       ; flag_Z      ; 5.432 ; 5.228 ; 5.996 ; 5.773 ;
; B[1]       ; S[0]        ; 4.759 ; 4.777 ; 5.306 ; 5.324 ;
; B[1]       ; S[1]        ; 4.748 ; 4.763 ; 5.295 ; 5.310 ;
; B[1]       ; S[2]        ; 4.813 ; 4.922 ; 5.360 ; 5.505 ;
; B[1]       ; S[3]        ; 4.839 ; 4.819 ; 5.386 ; 5.366 ;
; B[1]       ; S[4]        ; 4.996 ; 4.837 ; 5.543 ; 5.384 ;
; B[1]       ; S[5]        ; 4.800 ; 4.822 ; 5.347 ; 5.369 ;
; B[1]       ; S[6]        ; 4.805 ; 4.826 ; 5.352 ; 5.373 ;
; B[1]       ; flag_N      ; 4.072 ; 4.101 ; 4.655 ; 4.677 ;
; B[1]       ; flag_Z      ; 5.444 ; 5.239 ; 5.991 ; 5.786 ;
; B[2]       ; S[0]        ; 4.845 ; 4.868 ; 5.424 ; 5.447 ;
; B[2]       ; S[1]        ; 4.832 ; 4.852 ; 5.411 ; 5.431 ;
; B[2]       ; S[2]        ; 4.899 ; 4.925 ; 5.478 ; 5.504 ;
; B[2]       ; S[3]        ; 4.930 ; 4.905 ; 5.509 ; 5.484 ;
; B[2]       ; S[4]        ; 5.067 ; 4.923 ; 5.639 ; 5.502 ;
; B[2]       ; S[5]        ; 4.887 ; 4.913 ; 5.466 ; 5.492 ;
; B[2]       ; S[6]        ; 4.891 ; 4.917 ; 5.470 ; 5.496 ;
; B[2]       ; flag_N      ; 4.075 ; 4.104 ; 4.654 ; 4.676 ;
; B[2]       ; flag_Z      ; 5.515 ; 5.325 ; 6.087 ; 5.904 ;
; B[3]       ; S[0]        ; 4.958 ; 4.981 ; 5.525 ; 5.548 ;
; B[3]       ; S[1]        ; 4.945 ; 4.965 ; 5.512 ; 5.532 ;
; B[3]       ; S[2]        ; 5.012 ; 5.038 ; 5.579 ; 5.605 ;
; B[3]       ; S[3]        ; 5.043 ; 5.018 ; 5.610 ; 5.585 ;
; B[3]       ; S[4]        ; 5.188 ; 5.036 ; 5.755 ; 5.603 ;
; B[3]       ; S[5]        ; 5.000 ; 5.026 ; 5.567 ; 5.593 ;
; B[3]       ; S[6]        ; 5.004 ; 5.030 ; 5.571 ; 5.597 ;
; B[3]       ; flag_N      ; 4.188 ; 4.225 ; 4.755 ; 4.792 ;
; B[3]       ; flag_Z      ; 5.636 ; 5.438 ; 6.203 ; 6.005 ;
; Sel[0]     ; S[0]        ; 4.646 ; 4.703 ; 5.226 ; 5.295 ;
; Sel[0]     ; S[1]        ; 4.637 ; 4.667 ; 5.217 ; 5.247 ;
; Sel[0]     ; S[2]        ; 4.734 ; 4.743 ; 5.326 ; 5.323 ;
; Sel[0]     ; S[3]        ; 4.749 ; 4.710 ; 5.329 ; 5.290 ;
; Sel[0]     ; S[4]        ; 4.760 ; 4.758 ; 5.340 ; 5.350 ;
; Sel[0]     ; S[5]        ; 4.684 ; 4.748 ; 5.264 ; 5.340 ;
; Sel[0]     ; S[6]        ; 4.709 ; 4.731 ; 5.289 ; 5.311 ;
; Sel[0]     ; flag_N      ; 3.910 ; 3.947 ; 4.502 ; 4.535 ;
; Sel[0]     ; flag_Z      ; 5.358 ; 5.159 ; 5.941 ; 5.739 ;
; Sel[1]     ; S[0]        ; 4.715 ; 4.738 ; 5.277 ; 5.300 ;
; Sel[1]     ; S[1]        ; 4.702 ; 4.722 ; 5.264 ; 5.284 ;
; Sel[1]     ; S[2]        ; 4.769 ; 4.795 ; 5.331 ; 5.357 ;
; Sel[1]     ; S[3]        ; 4.800 ; 4.775 ; 5.362 ; 5.337 ;
; Sel[1]     ; S[4]        ; 4.933 ; 4.793 ; 5.514 ; 5.355 ;
; Sel[1]     ; S[5]        ; 4.757 ; 4.783 ; 5.319 ; 5.345 ;
; Sel[1]     ; S[6]        ; 4.761 ; 4.787 ; 5.323 ; 5.349 ;
; Sel[1]     ; flag_N      ; 3.945 ; 3.970 ; 4.507 ; 4.551 ;
; Sel[1]     ; flag_Z      ; 5.381 ; 5.195 ; 5.962 ; 5.757 ;
+------------+-------------+-------+-------+-------+-------+


---------------------------------------------
; Fast 1200mV 0C Model Metastability Report ;
---------------------------------------------
No synchronizer chains to report.


+----------------------------------------------------------------------------+
; Multicorner Timing Analysis Summary                                        ;
+------------------+-------+------+----------+---------+---------------------+
; Clock            ; Setup ; Hold ; Recovery ; Removal ; Minimum Pulse Width ;
+------------------+-------+------+----------+---------+---------------------+
; Worst-case Slack ; N/A   ; N/A  ; N/A      ; N/A     ; N/A                 ;
; Design-wide TNS  ; 0.0   ; 0.0  ; 0.0      ; 0.0     ; 0.0                 ;
+------------------+-------+------+----------+---------+---------------------+


+--------------------------------------------------------------+
; Propagation Delay                                            ;
+------------+-------------+--------+--------+--------+--------+
; Input Port ; Output Port ; RR     ; RF     ; FR     ; FF     ;
+------------+-------------+--------+--------+--------+--------+
; A[0]       ; S[0]        ; 8.903  ; 8.806  ; 9.378  ; 9.281  ;
; A[0]       ; S[1]        ; 8.803  ; 8.787  ; 9.184  ; 9.262  ;
; A[0]       ; S[2]        ; 8.950  ; 8.867  ; 9.425  ; 9.338  ;
; A[0]       ; S[3]        ; 8.907  ; 8.958  ; 9.382  ; 9.433  ;
; A[0]       ; S[4]        ; 8.938  ; 9.003  ; 9.381  ; 9.478  ;
; A[0]       ; S[5]        ; 8.956  ; 8.868  ; 9.431  ; 9.307  ;
; A[0]       ; S[6]        ; 8.972  ; 8.876  ; 9.447  ; 9.351  ;
; A[0]       ; flag_N      ; 6.858  ; 6.851  ; 7.286  ; 7.270  ;
; A[0]       ; flag_Z      ; 9.601  ; 9.535  ; 10.076 ; 9.916  ;
; A[1]       ; S[0]        ; 9.535  ; 9.438  ; 10.048 ; 9.951  ;
; A[1]       ; S[1]        ; 9.435  ; 9.419  ; 9.854  ; 9.932  ;
; A[1]       ; S[2]        ; 9.582  ; 9.499  ; 10.095 ; 10.008 ;
; A[1]       ; S[3]        ; 9.539  ; 9.590  ; 10.052 ; 10.103 ;
; A[1]       ; S[4]        ; 9.570  ; 9.635  ; 10.051 ; 10.148 ;
; A[1]       ; S[5]        ; 9.588  ; 9.500  ; 10.101 ; 9.977  ;
; A[1]       ; S[6]        ; 9.604  ; 9.508  ; 10.117 ; 10.021 ;
; A[1]       ; flag_N      ; 7.490  ; 7.483  ; 7.956  ; 7.940  ;
; A[1]       ; flag_Z      ; 10.233 ; 10.167 ; 10.746 ; 10.586 ;
; A[2]       ; S[0]        ; 9.218  ; 9.121  ; 9.628  ; 9.531  ;
; A[2]       ; S[1]        ; 9.092  ; 9.102  ; 9.493  ; 9.512  ;
; A[2]       ; S[2]        ; 9.265  ; 9.178  ; 9.675  ; 9.588  ;
; A[2]       ; S[3]        ; 9.222  ; 9.273  ; 9.632  ; 9.683  ;
; A[2]       ; S[4]        ; 9.227  ; 9.318  ; 9.631  ; 9.728  ;
; A[2]       ; S[5]        ; 9.271  ; 9.157  ; 9.681  ; 9.558  ;
; A[2]       ; S[6]        ; 9.287  ; 9.191  ; 9.697  ; 9.601  ;
; A[2]       ; flag_N      ; 7.031  ; 7.024  ; 7.507  ; 7.491  ;
; A[2]       ; flag_Z      ; 9.916  ; 9.824  ; 10.326 ; 10.225 ;
; A[3]       ; S[0]        ; 8.743  ; 8.649  ; 9.124  ; 9.030  ;
; A[3]       ; S[1]        ; 8.714  ; 8.627  ; 9.095  ; 9.008  ;
; A[3]       ; S[2]        ; 8.824  ; 8.748  ; 9.205  ; 9.129  ;
; A[3]       ; S[3]        ; 8.753  ; 8.834  ; 9.134  ; 9.215  ;
; A[3]       ; S[4]        ; 8.797  ; 8.834  ; 9.178  ; 9.224  ;
; A[3]       ; S[5]        ; 8.808  ; 8.728  ; 9.189  ; 9.109  ;
; A[3]       ; S[6]        ; 8.825  ; 8.734  ; 9.206  ; 9.115  ;
; A[3]       ; flag_N      ; 7.033  ; 7.081  ; 7.423  ; 7.462  ;
; A[3]       ; flag_Z      ; 9.450  ; 9.389  ; 9.831  ; 9.779  ;
; B[0]       ; S[0]        ; 9.359  ; 9.262  ; 9.888  ; 9.791  ;
; B[0]       ; S[1]        ; 9.259  ; 9.243  ; 9.694  ; 9.772  ;
; B[0]       ; S[2]        ; 9.406  ; 9.323  ; 9.935  ; 9.848  ;
; B[0]       ; S[3]        ; 9.363  ; 9.414  ; 9.892  ; 9.943  ;
; B[0]       ; S[4]        ; 9.394  ; 9.459  ; 9.891  ; 9.988  ;
; B[0]       ; S[5]        ; 9.412  ; 9.324  ; 9.941  ; 9.817  ;
; B[0]       ; S[6]        ; 9.428  ; 9.332  ; 9.957  ; 9.861  ;
; B[0]       ; flag_N      ; 7.314  ; 7.307  ; 7.796  ; 7.780  ;
; B[0]       ; flag_Z      ; 10.057 ; 9.991  ; 10.586 ; 10.426 ;
; B[1]       ; S[0]        ; 9.153  ; 9.056  ; 9.658  ; 9.561  ;
; B[1]       ; S[1]        ; 9.053  ; 9.037  ; 9.464  ; 9.542  ;
; B[1]       ; S[2]        ; 9.200  ; 9.117  ; 9.705  ; 9.618  ;
; B[1]       ; S[3]        ; 9.157  ; 9.208  ; 9.662  ; 9.713  ;
; B[1]       ; S[4]        ; 9.188  ; 9.253  ; 9.661  ; 9.758  ;
; B[1]       ; S[5]        ; 9.206  ; 9.118  ; 9.711  ; 9.587  ;
; B[1]       ; S[6]        ; 9.222  ; 9.126  ; 9.727  ; 9.631  ;
; B[1]       ; flag_N      ; 7.108  ; 7.101  ; 7.566  ; 7.550  ;
; B[1]       ; flag_Z      ; 9.851  ; 9.785  ; 10.356 ; 10.196 ;
; B[2]       ; S[0]        ; 9.268  ; 9.171  ; 9.656  ; 9.559  ;
; B[2]       ; S[1]        ; 9.142  ; 9.152  ; 9.525  ; 9.540  ;
; B[2]       ; S[2]        ; 9.315  ; 9.228  ; 9.703  ; 9.616  ;
; B[2]       ; S[3]        ; 9.272  ; 9.323  ; 9.660  ; 9.711  ;
; B[2]       ; S[4]        ; 9.277  ; 9.368  ; 9.660  ; 9.756  ;
; B[2]       ; S[5]        ; 9.321  ; 9.207  ; 9.709  ; 9.590  ;
; B[2]       ; S[6]        ; 9.337  ; 9.241  ; 9.725  ; 9.629  ;
; B[2]       ; flag_N      ; 7.079  ; 7.072  ; 7.542  ; 7.526  ;
; B[2]       ; flag_Z      ; 9.966  ; 9.874  ; 10.354 ; 10.257 ;
; B[3]       ; S[0]        ; 9.014  ; 8.929  ; 9.485  ; 9.391  ;
; B[3]       ; S[1]        ; 8.985  ; 8.907  ; 9.456  ; 9.369  ;
; B[3]       ; S[2]        ; 9.093  ; 9.026  ; 9.566  ; 9.490  ;
; B[3]       ; S[3]        ; 9.028  ; 9.100  ; 9.495  ; 9.576  ;
; B[3]       ; S[4]        ; 9.062  ; 9.134  ; 9.539  ; 9.552  ;
; B[3]       ; S[5]        ; 9.073  ; 9.001  ; 9.550  ; 9.470  ;
; B[3]       ; S[6]        ; 9.090  ; 9.006  ; 9.567  ; 9.476  ;
; B[3]       ; flag_N      ; 7.333  ; 7.346  ; 7.751  ; 7.823  ;
; B[3]       ; flag_Z      ; 9.715  ; 9.689  ; 10.192 ; 10.107 ;
; Sel[0]     ; S[0]        ; 9.160  ; 9.075  ; 9.548  ; 9.463  ;
; Sel[0]     ; S[1]        ; 9.130  ; 9.047  ; 9.518  ; 9.435  ;
; Sel[0]     ; S[2]        ; 9.243  ; 9.140  ; 9.631  ; 9.537  ;
; Sel[0]     ; S[3]        ; 9.172  ; 9.246  ; 9.560  ; 9.634  ;
; Sel[0]     ; S[4]        ; 9.188  ; 9.283  ; 9.585  ; 9.671  ;
; Sel[0]     ; S[5]        ; 9.218  ; 9.145  ; 9.606  ; 9.533  ;
; Sel[0]     ; S[6]        ; 9.233  ; 9.149  ; 9.621  ; 9.537  ;
; Sel[0]     ; flag_N      ; 7.351  ; 7.423  ; 7.785  ; 7.791  ;
; Sel[0]     ; flag_Z      ; 9.840  ; 9.838  ; 10.237 ; 10.226 ;
; Sel[1]     ; S[0]        ; 9.253  ; 9.198  ; 9.756  ; 9.671  ;
; Sel[1]     ; S[1]        ; 9.222  ; 9.174  ; 9.726  ; 9.643  ;
; Sel[1]     ; S[2]        ; 9.301  ; 9.297  ; 9.839  ; 9.706  ;
; Sel[1]     ; S[3]        ; 9.299  ; 9.342  ; 9.768  ; 9.842  ;
; Sel[1]     ; S[4]        ; 9.345  ; 9.341  ; 9.754  ; 9.879  ;
; Sel[1]     ; S[5]        ; 9.316  ; 9.275  ; 9.814  ; 9.741  ;
; Sel[1]     ; S[6]        ; 9.333  ; 9.280  ; 9.829  ; 9.745  ;
; Sel[1]     ; flag_N      ; 7.263  ; 7.309  ; 7.671  ; 7.743  ;
; Sel[1]     ; flag_Z      ; 9.997  ; 9.896  ; 10.406 ; 10.434 ;
+------------+-------------+--------+--------+--------+--------+


+----------------------------------------------------------+
; Minimum Propagation Delay                                ;
+------------+-------------+-------+-------+-------+-------+
; Input Port ; Output Port ; RR    ; RF    ; FR    ; FF    ;
+------------+-------------+-------+-------+-------+-------+
; A[0]       ; S[0]        ; 4.615 ; 4.685 ; 5.187 ; 5.257 ;
; A[0]       ; S[1]        ; 4.606 ; 4.636 ; 5.178 ; 5.208 ;
; A[0]       ; S[2]        ; 4.791 ; 4.712 ; 5.329 ; 5.284 ;
; A[0]       ; S[3]        ; 4.718 ; 4.679 ; 5.290 ; 5.251 ;
; A[0]       ; S[4]        ; 4.729 ; 4.815 ; 5.301 ; 5.353 ;
; A[0]       ; S[5]        ; 4.653 ; 4.805 ; 5.225 ; 5.338 ;
; A[0]       ; S[6]        ; 4.678 ; 4.700 ; 5.250 ; 5.272 ;
; A[0]       ; flag_N      ; 3.967 ; 3.996 ; 4.539 ; 4.561 ;
; A[0]       ; flag_Z      ; 5.347 ; 5.128 ; 5.876 ; 5.700 ;
; A[1]       ; S[0]        ; 5.102 ; 5.125 ; 5.709 ; 5.732 ;
; A[1]       ; S[1]        ; 5.089 ; 5.109 ; 5.696 ; 5.716 ;
; A[1]       ; S[2]        ; 5.156 ; 5.182 ; 5.763 ; 5.789 ;
; A[1]       ; S[3]        ; 5.187 ; 5.162 ; 5.794 ; 5.769 ;
; A[1]       ; S[4]        ; 5.324 ; 5.180 ; 5.924 ; 5.787 ;
; A[1]       ; S[5]        ; 5.144 ; 5.170 ; 5.751 ; 5.777 ;
; A[1]       ; S[6]        ; 5.148 ; 5.174 ; 5.755 ; 5.781 ;
; A[1]       ; flag_N      ; 4.332 ; 4.361 ; 4.939 ; 4.961 ;
; A[1]       ; flag_Z      ; 5.772 ; 5.582 ; 6.372 ; 6.189 ;
; A[2]       ; S[0]        ; 4.834 ; 4.857 ; 5.412 ; 5.435 ;
; A[2]       ; S[1]        ; 4.821 ; 4.841 ; 5.399 ; 5.419 ;
; A[2]       ; S[2]        ; 4.888 ; 4.914 ; 5.466 ; 5.492 ;
; A[2]       ; S[3]        ; 4.919 ; 4.894 ; 5.497 ; 5.472 ;
; A[2]       ; S[4]        ; 5.056 ; 4.912 ; 5.627 ; 5.490 ;
; A[2]       ; S[5]        ; 4.876 ; 4.902 ; 5.454 ; 5.480 ;
; A[2]       ; S[6]        ; 4.880 ; 4.906 ; 5.458 ; 5.484 ;
; A[2]       ; flag_N      ; 4.064 ; 4.093 ; 4.642 ; 4.664 ;
; A[2]       ; flag_Z      ; 5.504 ; 5.314 ; 6.075 ; 5.892 ;
; A[3]       ; S[0]        ; 4.807 ; 4.830 ; 5.363 ; 5.386 ;
; A[3]       ; S[1]        ; 4.794 ; 4.814 ; 5.350 ; 5.370 ;
; A[3]       ; S[2]        ; 4.861 ; 4.887 ; 5.417 ; 5.443 ;
; A[3]       ; S[3]        ; 4.892 ; 4.867 ; 5.448 ; 5.423 ;
; A[3]       ; S[4]        ; 5.037 ; 4.885 ; 5.593 ; 5.441 ;
; A[3]       ; S[5]        ; 4.849 ; 4.875 ; 5.405 ; 5.431 ;
; A[3]       ; S[6]        ; 4.853 ; 4.879 ; 5.409 ; 5.435 ;
; A[3]       ; flag_N      ; 4.037 ; 4.074 ; 4.593 ; 4.630 ;
; A[3]       ; flag_Z      ; 5.485 ; 5.287 ; 6.041 ; 5.843 ;
; B[0]       ; S[0]        ; 4.715 ; 4.785 ; 5.260 ; 5.330 ;
; B[0]       ; S[1]        ; 4.706 ; 4.736 ; 5.251 ; 5.281 ;
; B[0]       ; S[2]        ; 4.874 ; 4.812 ; 5.419 ; 5.357 ;
; B[0]       ; S[3]        ; 4.818 ; 4.779 ; 5.363 ; 5.324 ;
; B[0]       ; S[4]        ; 4.829 ; 4.898 ; 5.374 ; 5.443 ;
; B[0]       ; S[5]        ; 4.753 ; 4.883 ; 5.298 ; 5.428 ;
; B[0]       ; S[6]        ; 4.778 ; 4.800 ; 5.323 ; 5.345 ;
; B[0]       ; flag_N      ; 4.221 ; 4.250 ; 4.813 ; 4.835 ;
; B[0]       ; flag_Z      ; 5.432 ; 5.228 ; 5.996 ; 5.773 ;
; B[1]       ; S[0]        ; 4.759 ; 4.777 ; 5.306 ; 5.324 ;
; B[1]       ; S[1]        ; 4.748 ; 4.763 ; 5.295 ; 5.310 ;
; B[1]       ; S[2]        ; 4.813 ; 4.922 ; 5.360 ; 5.505 ;
; B[1]       ; S[3]        ; 4.839 ; 4.819 ; 5.386 ; 5.366 ;
; B[1]       ; S[4]        ; 4.996 ; 4.837 ; 5.543 ; 5.384 ;
; B[1]       ; S[5]        ; 4.800 ; 4.822 ; 5.347 ; 5.369 ;
; B[1]       ; S[6]        ; 4.805 ; 4.826 ; 5.352 ; 5.373 ;
; B[1]       ; flag_N      ; 4.072 ; 4.101 ; 4.655 ; 4.677 ;
; B[1]       ; flag_Z      ; 5.444 ; 5.239 ; 5.991 ; 5.786 ;
; B[2]       ; S[0]        ; 4.845 ; 4.868 ; 5.424 ; 5.447 ;
; B[2]       ; S[1]        ; 4.832 ; 4.852 ; 5.411 ; 5.431 ;
; B[2]       ; S[2]        ; 4.899 ; 4.925 ; 5.478 ; 5.504 ;
; B[2]       ; S[3]        ; 4.930 ; 4.905 ; 5.509 ; 5.484 ;
; B[2]       ; S[4]        ; 5.067 ; 4.923 ; 5.639 ; 5.502 ;
; B[2]       ; S[5]        ; 4.887 ; 4.913 ; 5.466 ; 5.492 ;
; B[2]       ; S[6]        ; 4.891 ; 4.917 ; 5.470 ; 5.496 ;
; B[2]       ; flag_N      ; 4.075 ; 4.104 ; 4.654 ; 4.676 ;
; B[2]       ; flag_Z      ; 5.515 ; 5.325 ; 6.087 ; 5.904 ;
; B[3]       ; S[0]        ; 4.958 ; 4.981 ; 5.525 ; 5.548 ;
; B[3]       ; S[1]        ; 4.945 ; 4.965 ; 5.512 ; 5.532 ;
; B[3]       ; S[2]        ; 5.012 ; 5.038 ; 5.579 ; 5.605 ;
; B[3]       ; S[3]        ; 5.043 ; 5.018 ; 5.610 ; 5.585 ;
; B[3]       ; S[4]        ; 5.188 ; 5.036 ; 5.755 ; 5.603 ;
; B[3]       ; S[5]        ; 5.000 ; 5.026 ; 5.567 ; 5.593 ;
; B[3]       ; S[6]        ; 5.004 ; 5.030 ; 5.571 ; 5.597 ;
; B[3]       ; flag_N      ; 4.188 ; 4.225 ; 4.755 ; 4.792 ;
; B[3]       ; flag_Z      ; 5.636 ; 5.438 ; 6.203 ; 6.005 ;
; Sel[0]     ; S[0]        ; 4.646 ; 4.703 ; 5.226 ; 5.295 ;
; Sel[0]     ; S[1]        ; 4.637 ; 4.667 ; 5.217 ; 5.247 ;
; Sel[0]     ; S[2]        ; 4.734 ; 4.743 ; 5.326 ; 5.323 ;
; Sel[0]     ; S[3]        ; 4.749 ; 4.710 ; 5.329 ; 5.290 ;
; Sel[0]     ; S[4]        ; 4.760 ; 4.758 ; 5.340 ; 5.350 ;
; Sel[0]     ; S[5]        ; 4.684 ; 4.748 ; 5.264 ; 5.340 ;
; Sel[0]     ; S[6]        ; 4.709 ; 4.731 ; 5.289 ; 5.311 ;
; Sel[0]     ; flag_N      ; 3.910 ; 3.947 ; 4.502 ; 4.535 ;
; Sel[0]     ; flag_Z      ; 5.358 ; 5.159 ; 5.941 ; 5.739 ;
; Sel[1]     ; S[0]        ; 4.715 ; 4.738 ; 5.277 ; 5.300 ;
; Sel[1]     ; S[1]        ; 4.702 ; 4.722 ; 5.264 ; 5.284 ;
; Sel[1]     ; S[2]        ; 4.769 ; 4.795 ; 5.331 ; 5.357 ;
; Sel[1]     ; S[3]        ; 4.800 ; 4.775 ; 5.362 ; 5.337 ;
; Sel[1]     ; S[4]        ; 4.933 ; 4.793 ; 5.514 ; 5.355 ;
; Sel[1]     ; S[5]        ; 4.757 ; 4.783 ; 5.319 ; 5.345 ;
; Sel[1]     ; S[6]        ; 4.761 ; 4.787 ; 5.323 ; 5.349 ;
; Sel[1]     ; flag_N      ; 3.945 ; 3.970 ; 4.507 ; 4.551 ;
; Sel[1]     ; flag_Z      ; 5.381 ; 5.195 ; 5.962 ; 5.757 ;
+------------+-------------+-------+-------+-------+-------+


+------------------------------------------------------------------------------------------------------------------------------------------------------------------------------------------------------------------------------------------------------------------------------------------------------------------------------------------------------------------------------------------------------------------+
; Board Trace Model Assignments                                                                                                                                                                                                                                                                                                                                                                                    ;
+---------------+--------------+-------------------+-------------------------+-------------------------+---------------+---------------------+----------------+------------------+--------+------------------+------------------------+------------------------+--------------+---------------+-----------------+-------+---------------------+--------------------+---------------+-----------------+-------------+
; Pin           ; I/O Standard ; Near Tline Length ; Near Tline L per Length ; Near Tline C per Length ; Near Series R ; Near Differential R ; Near Pull-up R ; Near Pull-down R ; Near C ; Far Tline Length ; Far Tline L per Length ; Far Tline C per Length ; Far Series R ; Far Pull-up R ; Far Pull-down R ; Far C ; Termination Voltage ; Far Differential R ; EBD File Name ; EBD Signal Name ; EBD Far-end ;
+---------------+--------------+-------------------+-------------------------+-------------------------+---------------+---------------------+----------------+------------------+--------+------------------+------------------------+------------------------+--------------+---------------+-----------------+-------+---------------------+--------------------+---------------+-----------------+-------------+
; flag_N        ; 2.5 V        ; 0 in              ; 0 H/in                  ; 0 F/in                  ; short         ; -                   ; open           ; open             ; open   ; 0 in             ; 0 H/in                 ; 0 F/in                 ; short        ; open          ; open            ; open  ; 0 V                 ; -                  ; n/a           ; n/a             ; n/a         ;
; flag_Z        ; 2.5 V        ; 0 in              ; 0 H/in                  ; 0 F/in                  ; short         ; -                   ; open           ; open             ; open   ; 0 in             ; 0 H/in                 ; 0 F/in                 ; short        ; open          ; open            ; open  ; 0 V                 ; -                  ; n/a           ; n/a             ; n/a         ;
; S[6]          ; 2.5 V        ; 0 in              ; 0 H/in                  ; 0 F/in                  ; short         ; -                   ; open           ; open             ; open   ; 0 in             ; 0 H/in                 ; 0 F/in                 ; short        ; open          ; open            ; open  ; 0 V                 ; -                  ; n/a           ; n/a             ; n/a         ;
; S[5]          ; 2.5 V        ; 0 in              ; 0 H/in                  ; 0 F/in                  ; short         ; -                   ; open           ; open             ; open   ; 0 in             ; 0 H/in                 ; 0 F/in                 ; short        ; open          ; open            ; open  ; 0 V                 ; -                  ; n/a           ; n/a             ; n/a         ;
; S[4]          ; 2.5 V        ; 0 in              ; 0 H/in                  ; 0 F/in                  ; short         ; -                   ; open           ; open             ; open   ; 0 in             ; 0 H/in                 ; 0 F/in                 ; short        ; open          ; open            ; open  ; 0 V                 ; -                  ; n/a           ; n/a             ; n/a         ;
; S[3]          ; 2.5 V        ; 0 in              ; 0 H/in                  ; 0 F/in                  ; short         ; -                   ; open           ; open             ; open   ; 0 in             ; 0 H/in                 ; 0 F/in                 ; short        ; open          ; open            ; open  ; 0 V                 ; -                  ; n/a           ; n/a             ; n/a         ;
; S[2]          ; 2.5 V        ; 0 in              ; 0 H/in                  ; 0 F/in                  ; short         ; -                   ; open           ; open             ; open   ; 0 in             ; 0 H/in                 ; 0 F/in                 ; short        ; open          ; open            ; open  ; 0 V                 ; -                  ; n/a           ; n/a             ; n/a         ;
; S[1]          ; 2.5 V        ; 0 in              ; 0 H/in                  ; 0 F/in                  ; short         ; -                   ; open           ; open             ; open   ; 0 in             ; 0 H/in                 ; 0 F/in                 ; short        ; open          ; open            ; open  ; 0 V                 ; -                  ; n/a           ; n/a             ; n/a         ;
; S[0]          ; 2.5 V        ; 0 in              ; 0 H/in                  ; 0 F/in                  ; short         ; -                   ; open           ; open             ; open   ; 0 in             ; 0 H/in                 ; 0 F/in                 ; short        ; open          ; open            ; open  ; 0 V                 ; -                  ; n/a           ; n/a             ; n/a         ;
; ~ALTERA_DCLK~ ; 2.5 V        ; 0 in              ; 0 H/in                  ; 0 F/in                  ; short         ; -                   ; open           ; open             ; open   ; 0 in             ; 0 H/in                 ; 0 F/in                 ; short        ; open          ; open            ; open  ; 0 V                 ; -                  ; n/a           ; n/a             ; n/a         ;
; ~ALTERA_nCEO~ ; 2.5 V        ; 0 in              ; 0 H/in                  ; 0 F/in                  ; short         ; -                   ; open           ; open             ; open   ; 0 in             ; 0 H/in                 ; 0 F/in                 ; short        ; open          ; open            ; open  ; 0 V                 ; -                  ; n/a           ; n/a             ; n/a         ;
+---------------+--------------+-------------------+-------------------------+-------------------------+---------------+---------------------+----------------+------------------+--------+------------------+------------------------+------------------------+--------------+---------------+-----------------+-------+---------------------+--------------------+---------------+-----------------+-------------+


+----------------------------------------------------------------------------+
; Input Transition Times                                                     ;
+-------------------------+--------------+-----------------+-----------------+
; Pin                     ; I/O Standard ; 10-90 Rise Time ; 90-10 Fall Time ;
+-------------------------+--------------+-----------------+-----------------+
; B[0]                    ; 2.5 V        ; 2000 ps         ; 2000 ps         ;
; A[0]                    ; 2.5 V        ; 2000 ps         ; 2000 ps         ;
; A[1]                    ; 2.5 V        ; 2000 ps         ; 2000 ps         ;
; B[1]                    ; 2.5 V        ; 2000 ps         ; 2000 ps         ;
; A[2]                    ; 2.5 V        ; 2000 ps         ; 2000 ps         ;
; B[2]                    ; 2.5 V        ; 2000 ps         ; 2000 ps         ;
; B[3]                    ; 2.5 V        ; 2000 ps         ; 2000 ps         ;
; A[3]                    ; 2.5 V        ; 2000 ps         ; 2000 ps         ;
; Sel[1]                  ; 2.5 V        ; 2000 ps         ; 2000 ps         ;
; Sel[0]                  ; 2.5 V        ; 2000 ps         ; 2000 ps         ;
; ~ALTERA_ASDO_DATA1~     ; 2.5 V        ; 2000 ps         ; 2000 ps         ;
; ~ALTERA_FLASH_nCE_nCSO~ ; 2.5 V        ; 2000 ps         ; 2000 ps         ;
; ~ALTERA_DATA0~          ; 2.5 V        ; 2000 ps         ; 2000 ps         ;
+-------------------------+--------------+-----------------+-----------------+


+--------------------------------------------------------------------------------------------------------------------------------------------------------------------------------------------------------------------------------------------------------------------------------------------------------------------------------------------------------------------------------------------------------------------------------------------------------------------------------------------------------------------------------------------------------------------------------------------------------------------------------------------------------------------------------------------+
; Slow Corner Signal Integrity Metrics                                                                                                                                                                                                                                                                                                                                                                                                                                                                                                                                                                                                                                                       ;
+---------------+--------------+---------------------+---------------------+------------------------------+------------------------------+---------------------+---------------------+--------------------------------------+--------------------------------------+-----------------------------+-----------------------------+----------------------------+----------------------------+-----------------------------+-----------------------------+--------------------+--------------------+-------------------------------------+-------------------------------------+----------------------------+----------------------------+---------------------------+---------------------------+
; Pin           ; I/O Standard ; Board Delay on Rise ; Board Delay on Fall ; Steady State Voh at FPGA Pin ; Steady State Vol at FPGA Pin ; Voh Max at FPGA Pin ; Vol Min at FPGA Pin ; Ringback Voltage on Rise at FPGA Pin ; Ringback Voltage on Fall at FPGA Pin ; 10-90 Rise Time at FPGA Pin ; 90-10 Fall Time at FPGA Pin ; Monotonic Rise at FPGA Pin ; Monotonic Fall at FPGA Pin ; Steady State Voh at Far-end ; Steady State Vol at Far-end ; Voh Max at Far-end ; Vol Min at Far-end ; Ringback Voltage on Rise at Far-end ; Ringback Voltage on Fall at Far-end ; 10-90 Rise Time at Far-end ; 90-10 Fall Time at Far-end ; Monotonic Rise at Far-end ; Monotonic Fall at Far-end ;
+---------------+--------------+---------------------+---------------------+------------------------------+------------------------------+---------------------+---------------------+--------------------------------------+--------------------------------------+-----------------------------+-----------------------------+----------------------------+----------------------------+-----------------------------+-----------------------------+--------------------+--------------------+-------------------------------------+-------------------------------------+----------------------------+----------------------------+---------------------------+---------------------------+
; flag_N        ; 2.5 V        ; 0 s                 ; 0 s                 ; 2.32 V                       ; 7.25e-07 V                   ; 2.35 V              ; -0.0111 V           ; 0.113 V                              ; 0.035 V                              ; 7.76e-10 s                  ; 8.04e-10 s                  ; Yes                        ; Yes                        ; 2.32 V                      ; 7.25e-07 V                  ; 2.35 V             ; -0.0111 V          ; 0.113 V                             ; 0.035 V                             ; 7.76e-10 s                 ; 8.04e-10 s                 ; Yes                       ; Yes                       ;
; flag_Z        ; 2.5 V        ; 0 s                 ; 0 s                 ; 2.32 V                       ; 7.25e-07 V                   ; 2.35 V              ; -0.0111 V           ; 0.113 V                              ; 0.035 V                              ; 7.76e-10 s                  ; 8.04e-10 s                  ; Yes                        ; Yes                        ; 2.32 V                      ; 7.25e-07 V                  ; 2.35 V             ; -0.0111 V          ; 0.113 V                             ; 0.035 V                             ; 7.76e-10 s                 ; 8.04e-10 s                 ; Yes                       ; Yes                       ;
; S[6]          ; 2.5 V        ; 0 s                 ; 0 s                 ; 2.32 V                       ; 1.08e-06 V                   ; 2.36 V              ; -0.0113 V           ; 0.122 V                              ; 0.022 V                              ; 4.5e-10 s                   ; 4.45e-10 s                  ; Yes                        ; Yes                        ; 2.32 V                      ; 1.08e-06 V                  ; 2.36 V             ; -0.0113 V          ; 0.122 V                             ; 0.022 V                             ; 4.5e-10 s                  ; 4.45e-10 s                 ; Yes                       ; Yes                       ;
; S[5]          ; 2.5 V        ; 0 s                 ; 0 s                 ; 2.32 V                       ; 1.08e-06 V                   ; 2.36 V              ; -0.0113 V           ; 0.122 V                              ; 0.022 V                              ; 4.5e-10 s                   ; 4.45e-10 s                  ; Yes                        ; Yes                        ; 2.32 V                      ; 1.08e-06 V                  ; 2.36 V             ; -0.0113 V          ; 0.122 V                             ; 0.022 V                             ; 4.5e-10 s                  ; 4.45e-10 s                 ; Yes                       ; Yes                       ;
; S[4]          ; 2.5 V        ; 0 s                 ; 0 s                 ; 2.32 V                       ; 1.08e-06 V                   ; 2.36 V              ; -0.0113 V           ; 0.122 V                              ; 0.022 V                              ; 4.5e-10 s                   ; 4.45e-10 s                  ; Yes                        ; Yes                        ; 2.32 V                      ; 1.08e-06 V                  ; 2.36 V             ; -0.0113 V          ; 0.122 V                             ; 0.022 V                             ; 4.5e-10 s                  ; 4.45e-10 s                 ; Yes                       ; Yes                       ;
; S[3]          ; 2.5 V        ; 0 s                 ; 0 s                 ; 2.32 V                       ; 1.08e-06 V                   ; 2.36 V              ; -0.0113 V           ; 0.122 V                              ; 0.022 V                              ; 4.5e-10 s                   ; 4.45e-10 s                  ; Yes                        ; Yes                        ; 2.32 V                      ; 1.08e-06 V                  ; 2.36 V             ; -0.0113 V          ; 0.122 V                             ; 0.022 V                             ; 4.5e-10 s                  ; 4.45e-10 s                 ; Yes                       ; Yes                       ;
; S[2]          ; 2.5 V        ; 0 s                 ; 0 s                 ; 2.32 V                       ; 1.08e-06 V                   ; 2.36 V              ; -0.0113 V           ; 0.122 V                              ; 0.022 V                              ; 4.5e-10 s                   ; 4.45e-10 s                  ; Yes                        ; Yes                        ; 2.32 V                      ; 1.08e-06 V                  ; 2.36 V             ; -0.0113 V          ; 0.122 V                             ; 0.022 V                             ; 4.5e-10 s                  ; 4.45e-10 s                 ; Yes                       ; Yes                       ;
; S[1]          ; 2.5 V        ; 0 s                 ; 0 s                 ; 2.32 V                       ; 1.08e-06 V                   ; 2.36 V              ; -0.0113 V           ; 0.122 V                              ; 0.022 V                              ; 4.5e-10 s                   ; 4.45e-10 s                  ; Yes                        ; Yes                        ; 2.32 V                      ; 1.08e-06 V                  ; 2.36 V             ; -0.0113 V          ; 0.122 V                             ; 0.022 V                             ; 4.5e-10 s                  ; 4.45e-10 s                 ; Yes                       ; Yes                       ;
; S[0]          ; 2.5 V        ; 0 s                 ; 0 s                 ; 2.32 V                       ; 1.08e-06 V                   ; 2.36 V              ; -0.0113 V           ; 0.122 V                              ; 0.022 V                              ; 4.5e-10 s                   ; 4.45e-10 s                  ; Yes                        ; Yes                        ; 2.32 V                      ; 1.08e-06 V                  ; 2.36 V             ; -0.0113 V          ; 0.122 V                             ; 0.022 V                             ; 4.5e-10 s                  ; 4.45e-10 s                 ; Yes                       ; Yes                       ;
; ~ALTERA_DCLK~ ; 2.5 V        ; 0 s                 ; 0 s                 ; 2.32 V                       ; 5.68e-07 V                   ; 2.35 V              ; -0.0132 V           ; 0.2 V                                ; 0.027 V                              ; 5.26e-10 s                  ; 4.81e-10 s                  ; Yes                        ; Yes                        ; 2.32 V                      ; 5.68e-07 V                  ; 2.35 V             ; -0.0132 V          ; 0.2 V                               ; 0.027 V                             ; 5.26e-10 s                 ; 4.81e-10 s                 ; Yes                       ; Yes                       ;
; ~ALTERA_nCEO~ ; 2.5 V        ; 0 s                 ; 0 s                 ; 2.32 V                       ; 9.36e-07 V                   ; 2.35 V              ; -0.00444 V          ; 0.18 V                               ; 0.019 V                              ; 7.23e-10 s                  ; 9.82e-10 s                  ; Yes                        ; Yes                        ; 2.32 V                      ; 9.36e-07 V                  ; 2.35 V             ; -0.00444 V         ; 0.18 V                              ; 0.019 V                             ; 7.23e-10 s                 ; 9.82e-10 s                 ; Yes                       ; Yes                       ;
+---------------+--------------+---------------------+---------------------+------------------------------+------------------------------+---------------------+---------------------+--------------------------------------+--------------------------------------+-----------------------------+-----------------------------+----------------------------+----------------------------+-----------------------------+-----------------------------+--------------------+--------------------+-------------------------------------+-------------------------------------+----------------------------+----------------------------+---------------------------+---------------------------+


+--------------------------------------------------------------------------------------------------------------------------------------------------------------------------------------------------------------------------------------------------------------------------------------------------------------------------------------------------------------------------------------------------------------------------------------------------------------------------------------------------------------------------------------------------------------------------------------------------------------------------------------------------------------------------------------------+
; Fast Corner Signal Integrity Metrics                                                                                                                                                                                                                                                                                                                                                                                                                                                                                                                                                                                                                                                       ;
+---------------+--------------+---------------------+---------------------+------------------------------+------------------------------+---------------------+---------------------+--------------------------------------+--------------------------------------+-----------------------------+-----------------------------+----------------------------+----------------------------+-----------------------------+-----------------------------+--------------------+--------------------+-------------------------------------+-------------------------------------+----------------------------+----------------------------+---------------------------+---------------------------+
; Pin           ; I/O Standard ; Board Delay on Rise ; Board Delay on Fall ; Steady State Voh at FPGA Pin ; Steady State Vol at FPGA Pin ; Voh Max at FPGA Pin ; Vol Min at FPGA Pin ; Ringback Voltage on Rise at FPGA Pin ; Ringback Voltage on Fall at FPGA Pin ; 10-90 Rise Time at FPGA Pin ; 90-10 Fall Time at FPGA Pin ; Monotonic Rise at FPGA Pin ; Monotonic Fall at FPGA Pin ; Steady State Voh at Far-end ; Steady State Vol at Far-end ; Voh Max at Far-end ; Vol Min at Far-end ; Ringback Voltage on Rise at Far-end ; Ringback Voltage on Fall at Far-end ; 10-90 Rise Time at Far-end ; 90-10 Fall Time at Far-end ; Monotonic Rise at Far-end ; Monotonic Fall at Far-end ;
+---------------+--------------+---------------------+---------------------+------------------------------+------------------------------+---------------------+---------------------+--------------------------------------+--------------------------------------+-----------------------------+-----------------------------+----------------------------+----------------------------+-----------------------------+-----------------------------+--------------------+--------------------+-------------------------------------+-------------------------------------+----------------------------+----------------------------+---------------------------+---------------------------+
; flag_N        ; 2.5 V        ; 0 s                 ; 0 s                 ; 2.62 V                       ; 2.78e-08 V                   ; 2.71 V              ; -0.0349 V           ; 0.253 V                              ; 0.069 V                              ; 4.96e-10 s                  ; 5.19e-10 s                  ; No                         ; Yes                        ; 2.62 V                      ; 2.78e-08 V                  ; 2.71 V             ; -0.0349 V          ; 0.253 V                             ; 0.069 V                             ; 4.96e-10 s                 ; 5.19e-10 s                 ; No                        ; Yes                       ;
; flag_Z        ; 2.5 V        ; 0 s                 ; 0 s                 ; 2.62 V                       ; 2.78e-08 V                   ; 2.71 V              ; -0.0349 V           ; 0.253 V                              ; 0.069 V                              ; 4.96e-10 s                  ; 5.19e-10 s                  ; No                         ; Yes                        ; 2.62 V                      ; 2.78e-08 V                  ; 2.71 V             ; -0.0349 V          ; 0.253 V                             ; 0.069 V                             ; 4.96e-10 s                 ; 5.19e-10 s                 ; No                        ; Yes                       ;
; S[6]          ; 2.5 V        ; 0 s                 ; 0 s                 ; 2.62 V                       ; 4.11e-08 V                   ; 2.73 V              ; -0.0566 V           ; 0.191 V                              ; 0.12 V                               ; 2.69e-10 s                  ; 2.76e-10 s                  ; Yes                        ; Yes                        ; 2.62 V                      ; 4.11e-08 V                  ; 2.73 V             ; -0.0566 V          ; 0.191 V                             ; 0.12 V                              ; 2.69e-10 s                 ; 2.76e-10 s                 ; Yes                       ; Yes                       ;
; S[5]          ; 2.5 V        ; 0 s                 ; 0 s                 ; 2.62 V                       ; 4.11e-08 V                   ; 2.73 V              ; -0.0566 V           ; 0.191 V                              ; 0.12 V                               ; 2.69e-10 s                  ; 2.76e-10 s                  ; Yes                        ; Yes                        ; 2.62 V                      ; 4.11e-08 V                  ; 2.73 V             ; -0.0566 V          ; 0.191 V                             ; 0.12 V                              ; 2.69e-10 s                 ; 2.76e-10 s                 ; Yes                       ; Yes                       ;
; S[4]          ; 2.5 V        ; 0 s                 ; 0 s                 ; 2.62 V                       ; 4.11e-08 V                   ; 2.73 V              ; -0.0566 V           ; 0.191 V                              ; 0.12 V                               ; 2.69e-10 s                  ; 2.76e-10 s                  ; Yes                        ; Yes                        ; 2.62 V                      ; 4.11e-08 V                  ; 2.73 V             ; -0.0566 V          ; 0.191 V                             ; 0.12 V                              ; 2.69e-10 s                 ; 2.76e-10 s                 ; Yes                       ; Yes                       ;
; S[3]          ; 2.5 V        ; 0 s                 ; 0 s                 ; 2.62 V                       ; 4.11e-08 V                   ; 2.73 V              ; -0.0566 V           ; 0.191 V                              ; 0.12 V                               ; 2.69e-10 s                  ; 2.76e-10 s                  ; Yes                        ; Yes                        ; 2.62 V                      ; 4.11e-08 V                  ; 2.73 V             ; -0.0566 V          ; 0.191 V                             ; 0.12 V                              ; 2.69e-10 s                 ; 2.76e-10 s                 ; Yes                       ; Yes                       ;
; S[2]          ; 2.5 V        ; 0 s                 ; 0 s                 ; 2.62 V                       ; 4.11e-08 V                   ; 2.73 V              ; -0.0566 V           ; 0.191 V                              ; 0.12 V                               ; 2.69e-10 s                  ; 2.76e-10 s                  ; Yes                        ; Yes                        ; 2.62 V                      ; 4.11e-08 V                  ; 2.73 V             ; -0.0566 V          ; 0.191 V                             ; 0.12 V                              ; 2.69e-10 s                 ; 2.76e-10 s                 ; Yes                       ; Yes                       ;
; S[1]          ; 2.5 V        ; 0 s                 ; 0 s                 ; 2.62 V                       ; 4.11e-08 V                   ; 2.73 V              ; -0.0566 V           ; 0.191 V                              ; 0.12 V                               ; 2.69e-10 s                  ; 2.76e-10 s                  ; Yes                        ; Yes                        ; 2.62 V                      ; 4.11e-08 V                  ; 2.73 V             ; -0.0566 V          ; 0.191 V                             ; 0.12 V                              ; 2.69e-10 s                 ; 2.76e-10 s                 ; Yes                       ; Yes                       ;
; S[0]          ; 2.5 V        ; 0 s                 ; 0 s                 ; 2.62 V                       ; 4.11e-08 V                   ; 2.73 V              ; -0.0566 V           ; 0.191 V                              ; 0.12 V                               ; 2.69e-10 s                  ; 2.76e-10 s                  ; Yes                        ; Yes                        ; 2.62 V                      ; 4.11e-08 V                  ; 2.73 V             ; -0.0566 V          ; 0.191 V                             ; 0.12 V                              ; 2.69e-10 s                 ; 2.76e-10 s                 ; Yes                       ; Yes                       ;
; ~ALTERA_DCLK~ ; 2.5 V        ; 0 s                 ; 0 s                 ; 2.62 V                       ; 2.22e-08 V                   ; 2.72 V              ; -0.0747 V           ; 0.28 V                               ; 0.169 V                              ; 3.1e-10 s                   ; 3.01e-10 s                  ; No                         ; Yes                        ; 2.62 V                      ; 2.22e-08 V                  ; 2.72 V             ; -0.0747 V          ; 0.28 V                              ; 0.169 V                             ; 3.1e-10 s                  ; 3.01e-10 s                 ; No                        ; Yes                       ;
; ~ALTERA_nCEO~ ; 2.5 V        ; 0 s                 ; 0 s                 ; 2.62 V                       ; 3.53e-08 V                   ; 2.7 V               ; -0.0212 V           ; 0.204 V                              ; 0.049 V                              ; 4.85e-10 s                  ; 6.73e-10 s                  ; No                         ; Yes                        ; 2.62 V                      ; 3.53e-08 V                  ; 2.7 V              ; -0.0212 V          ; 0.204 V                             ; 0.049 V                             ; 4.85e-10 s                 ; 6.73e-10 s                 ; No                        ; Yes                       ;
+---------------+--------------+---------------------+---------------------+------------------------------+------------------------------+---------------------+---------------------+--------------------------------------+--------------------------------------+-----------------------------+-----------------------------+----------------------------+----------------------------+-----------------------------+-----------------------------+--------------------+--------------------+-------------------------------------+-------------------------------------+----------------------------+----------------------------+---------------------------+---------------------------+


-------------------
; Clock Transfers ;
-------------------
Nothing to report.


---------------
; Report TCCS ;
---------------
No dedicated SERDES Transmitter circuitry present in device or used in design


---------------
; Report RSKM ;
---------------
No non-DPA dedicated SERDES Receiver circuitry present in device or used in design


+------------------------------------------------+
; Unconstrained Paths                            ;
+---------------------------------+-------+------+
; Property                        ; Setup ; Hold ;
+---------------------------------+-------+------+
; Illegal Clocks                  ; 0     ; 0    ;
; Unconstrained Clocks            ; 0     ; 0    ;
; Unconstrained Input Ports       ; 10    ; 10   ;
; Unconstrained Input Port Paths  ; 90    ; 90   ;
; Unconstrained Output Ports      ; 9     ; 9    ;
; Unconstrained Output Port Paths ; 90    ; 90   ;
+---------------------------------+-------+------+


+------------------------------------+
; TimeQuest Timing Analyzer Messages ;
+------------------------------------+
Info: *******************************************************************
Info: Running Quartus II 64-Bit TimeQuest Timing Analyzer
    Info: Version 13.1.0 Build 162 10/23/2013 SJ Web Edition
    Info: Processing started: Thu Jun 12 07:28:32 2025
Info: Command: quartus_sta ULA_BCD -c ULA_BCD
Info: qsta_default_script.tcl version: #1
Warning (20028): Parallel compilation is not licensed and has been disabled
Info (21077): Low junction temperature is 0 degrees C
Info (21077): High junction temperature is 85 degrees C
Critical Warning (332012): Synopsys Design Constraints File file not found: 'ULA_BCD.sdc'. A Synopsys Design Constraints File is required by the TimeQuest Timing Analyzer to get proper timing constraints. Without it, the Compiler will not properly optimize the design.
Info (332142): No user constrained base clocks found in the design. Calling "derive_clocks -period 1.0"
Info (332096): The command derive_clocks did not find any clocks to derive.  No clocks were created or changed.
Warning (332068): No clocks defined in design.
Info (332143): No user constrained clock uncertainty found in the design. Calling "derive_clock_uncertainty"
Info (332154): The derive_clock_uncertainty command did not apply clock uncertainty to any clock-to-clock transfers.
Info: Found TIMEQUEST_REPORT_SCRIPT_INCLUDE_DEFAULT_ANALYSIS = ON
Info (332159): No clocks to report
Info: Analyzing Slow 1200mV 85C Model
Info (332140): No fmax paths to report
Info (332140): No Setup paths to report
Info (332140): No Hold paths to report
Info (332140): No Recovery paths to report
Info (332140): No Removal paths to report
Info (332140): No Minimum Pulse Width paths to report
Info: Analyzing Slow 1200mV 0C Model
Info (334003): Started post-fitting delay annotation
Info (334004): Delay annotation completed successfully
Info (332142): No user constrained base clocks found in the design. Calling "derive_clocks -period 1.0"
Info (332096): The command derive_clocks did not find any clocks to derive.  No clocks were created or changed.
Warning (332068): No clocks defined in design.
Info (332154): The derive_clock_uncertainty command did not apply clock uncertainty to any clock-to-clock transfers.
Info (332140): No fmax paths to report
Info (332140): No Setup paths to report
Info (332140): No Hold paths to report
Info (332140): No Recovery paths to report
Info (332140): No Removal paths to report
Info (332140): No Minimum Pulse Width paths to report
Info: Analyzing Fast 1200mV 0C Model
Info (332142): No user constrained base clocks found in the design. Calling "derive_clocks -period 1.0"
Info (332096): The command derive_clocks did not find any clocks to derive.  No clocks were created or changed.
Warning (332068): No clocks defined in design.
Info (332154): The derive_clock_uncertainty command did not apply clock uncertainty to any clock-to-clock transfers.
Info (332140): No Setup paths to report
Info (332140): No Hold paths to report
Info (332140): No Recovery paths to report
Info (332140): No Removal paths to report
Info (332140): No Minimum Pulse Width paths to report
Info (332102): Design is not fully constrained for setup requirements
Info (332102): Design is not fully constrained for hold requirements
Info: Quartus II 64-Bit TimeQuest Timing Analyzer was successful. 0 errors, 5 warnings
    Info: Peak virtual memory: 4627 megabytes
    Info: Processing ended: Thu Jun 12 07:28:33 2025
    Info: Elapsed time: 00:00:01
    Info: Total CPU time (on all processors): 00:00:01


